<?xml version="1.0" encoding="UTF-8"?>
<testsuite xmlns:xsi="http://www.w3.org/2001/XMLSchema-instance" xsi:noNamespaceSchemaLocation="https://maven.apache.org/surefire/maven-surefire-plugin/xsd/surefire-test-report-3.0.xsd" version="3.0" name="it.univ.ddmanager.campaign.CampaignPlayerIntegrationTest" time="7.614" tests="5" errors="0" skipped="0" failures="0">
  <properties>
[...]
</properties>
  <testcase name="nonOwnerOrAdminCannotManageJoinRequests" classname="it.univ.ddmanager.campaign.CampaignPlayerIntegrationTest" time="1.172">
    <system-out><![CDATA[2025-12-13T12:22:36.152+01:00  INFO 26828 --- [           main] t.c.s.AnnotationConfigContextLoaderUtils : Could not detect default configuration classes for test class [it.univ.ddmanager.campaign.CampaignPlayerIntegrationTest]: CampaignPlayerIntegrationTest does not declare any static, non-private, non-final, nested classes annotated with @Configuration.
2025-12-13T12:22:36.156+01:00  INFO 26828 --- [           main] .b.t.c.SpringBootTestContextBootstrapper : Found @SpringBootConfiguration it.univ.ddmanager.DdManagerApplication for test class it.univ.ddmanager.campaign.CampaignPlayerIntegrationTest
Hibernate: 
    select
        u1_0.id,
        u1_0.email,
        u1_0.nickname,
        u1_0.password 
    from
        users u1_0 
    where
        u1_0.email=?
Hibernate: 
    select
        r1_0.id,
        r1_0.name 
    from
        roles r1_0 
    where
        r1_0.name=?
Hibernate: 
    insert 
    into
        users
        (email, nickname, password) 
    values
        (?, ?, ?)
Hibernate: 
    insert 
    into
        users_roles
        (user_id, role_id) 
    values
        (?, ?)
Hibernate: 
    select
        u1_0.id,
        u1_0.email,
        u1_0.nickname,
        u1_0.password 
    from
        users u1_0 
    where
        u1_0.email=?
Hibernate: 
    select
        r1_0.user_id,
        r1_1.id,
        r1_1.name 
    from
        users_roles r1_0 
    join
        roles r1_1 
            on r1_1.id=r1_0.role_id 
    where
        r1_0.user_id=?
Hibernate: 
    select
        r1_0.id,
        r1_0.name 
    from
        roles r1_0 
    where
        r1_0.name=?
Hibernate: 
    select
        u1_0.id,
        u1_0.email,
        u1_0.nickname,
        u1_0.password,
        r1_0.user_id,
        r1_1.id,
        r1_1.name 
    from
        users u1_0 
    left join
        users_roles r1_0 
            on u1_0.id=r1_0.user_id 
    left join
        roles r1_1 
            on r1_1.id=r1_0.role_id 
    where
        u1_0.id=?
Hibernate: 
    select
        u1_0.id,
        u1_0.email,
        u1_0.nickname,
        u1_0.password 
    from
        users u1_0 
    where
        u1_0.email=?
Hibernate: 
    select
        r1_0.id,
        r1_0.name 
    from
        roles r1_0 
    where
        r1_0.name=?
Hibernate: 
    insert 
    into
        users
        (email, nickname, password) 
    values
        (?, ?, ?)
Hibernate: 
    insert 
    into
        users_roles
        (user_id, role_id) 
    values
        (?, ?)
Hibernate: 
    select
        u1_0.id,
        u1_0.email,
        u1_0.nickname,
        u1_0.password 
    from
        users u1_0 
    where
        u1_0.email=?
Hibernate: 
    select
        r1_0.id,
        r1_0.name 
    from
        roles r1_0 
    where
        r1_0.name=?
Hibernate: 
    insert 
    into
        users
        (email, nickname, password) 
    values
        (?, ?, ?)
Hibernate: 
    insert 
    into
        users_roles
        (user_id, role_id) 
    values
        (?, ?)
Hibernate: 
    select
        u1_0.id,
        u1_0.email,
        u1_0.nickname,
        u1_0.password 
    from
        users u1_0 
    where
        u1_0.email=?
Hibernate: 
    select
        r1_0.user_id,
        r1_1.id,
        r1_1.name 
    from
        users_roles r1_0 
    join
        roles r1_1 
            on r1_1.id=r1_0.role_id 
    where
        r1_0.user_id=?
Hibernate: 
    select
        u1_0.id,
        u1_0.email,
        u1_0.nickname,
        u1_0.password 
    from
        users u1_0 
    where
        u1_0.email=?
Hibernate: 
    select
        r1_0.user_id,
        r1_1.id,
        r1_1.name 
    from
        users_roles r1_0 
    join
        roles r1_1 
            on r1_1.id=r1_0.role_id 
    where
        r1_0.user_id=?
Hibernate: 
    insert 
    into
        worlds
        (description, is_public, name, owner_id) 
    values
        (?, ?, ?, ?)
Hibernate: 
    select
        count(c1_0.id) 
    from
        campaigns c1_0 
    left join
        worlds w1_0 
            on w1_0.id=c1_0.world_id 
    where
        w1_0.id=?
Hibernate: 
    select
        u1_0.id,
        u1_0.email,
        u1_0.nickname,
        u1_0.password 
    from
        users u1_0 
    where
        u1_0.email=?
Hibernate: 
    select
        r1_0.user_id,
        r1_1.id,
        r1_1.name 
    from
        users_roles r1_0 
    join
        roles r1_1 
            on r1_1.id=r1_0.role_id 
    where
        r1_0.user_id=?
Hibernate: 
    select
        w1_0.id,
        w1_0.description,
        w1_0.is_public,
        w1_0.name,
        w1_0.owner_id 
    from
        worlds w1_0 
    where
        w1_0.id=?
Hibernate: 
    select
        u1_0.id,
        u1_0.email,
        u1_0.nickname,
        u1_0.password 
    from
        users u1_0 
    where
        u1_0.email=?
Hibernate: 
    select
        r1_0.user_id,
        r1_1.id,
        r1_1.name 
    from
        users_roles r1_0 
    join
        roles r1_1 
            on r1_1.id=r1_0.role_id 
    where
        r1_0.user_id=?
Hibernate: 
    select
        c1_0.id 
    from
        campaigns c1_0 
    left join
        worlds w1_0 
            on w1_0.id=c1_0.world_id 
    where
        w1_0.id=? 
        and upper(c1_0.name)=upper(?) 
    fetch
        first ? rows only
Hibernate: 
    insert 
    into
        campaigns
        (description, name, owner_id, status, world_id) 
    values
        (?, ?, ?, ?, ?)
Hibernate: 
    select
        u1_0.id,
        u1_0.email,
        u1_0.nickname,
        u1_0.password 
    from
        users u1_0 
    where
        u1_0.email=?
Hibernate: 
    select
        r1_0.user_id,
        r1_1.id,
        r1_1.name 
    from
        users_roles r1_0 
    join
        roles r1_1 
            on r1_1.id=r1_0.role_id 
    where
        r1_0.user_id=?
Hibernate: 
    select
        u1_0.id,
        u1_0.email,
        u1_0.nickname,
        u1_0.password 
    from
        users u1_0 
    where
        u1_0.email=?
Hibernate: 
    select
        r1_0.user_id,
        r1_1.id,
        r1_1.name 
    from
        users_roles r1_0 
    join
        roles r1_1 
            on r1_1.id=r1_0.role_id 
    where
        r1_0.user_id=?
Hibernate: 
    insert 
    into
        player_characters
        (acrobatics_proficient, alignment, allies_and_organizations, animal_handling_proficient, appearance, arcana_proficient, armor_class, athletics_proficient, attacks_and_spellcasting, background, backstory, bonds, character_class, charisma, charisma_save_proficient, constitution, constitution_save_proficient, current_hit_points, death_save_failures, death_save_successes, deception_proficient, dexterity, dexterity_save_proficient, equipment, experience_points, features_and_traits, flaws, gm_notes, history_proficient, hit_dice, ideals, initiative_modifier, insight_proficient, inspiration, intelligence, intelligence_save_proficient, intimidation_proficient, investigation_proficient, is_visible_to_players, known_spells, level, max_hit_points, medicine_proficient, name, nature_proficient, other_notes, other_proficiencies, owner_id, passive_insight, passive_investigation, passive_perception, perception_proficient, performance_proficient, personality_traits, persuasion_proficient, prepared_spells, proficiencies_and_languages, proficiency_bonus, race, religion_proficient, sleight_of_hand_proficient, speed, spell_attack_bonus, spell_savedc, spell_slots, spellcasting_class, spells, stealth_proficient, strength, strength_save_proficient, subclass, survival_proficient, temporary_hit_points, treasure, wisdom, wisdom_save_proficient, world_id) 
    values
        (?, ?, ?, ?, ?, ?, ?, ?, ?, ?, ?, ?, ?, ?, ?, ?, ?, ?, ?, ?, ?, ?, ?, ?, ?, ?, ?, ?, ?, ?, ?, ?, ?, ?, ?, ?, ?, ?, ?, ?, ?, ?, ?, ?, ?, ?, ?, ?, ?, ?, ?, ?, ?, ?, ?, ?, ?, ?, ?, ?, ?, ?, ?, ?, ?, ?, ?, ?, ?, ?, ?, ?, ?, ?, ?, ?, ?)
Hibernate: 
    insert 
    into
        player_character_languages
        (character_id, language) 
    values
        (?, ?)
Hibernate: 
    select
        u1_0.id,
        u1_0.email,
        u1_0.nickname,
        u1_0.password 
    from
        users u1_0 
    where
        u1_0.email=?
Hibernate: 
    select
        r1_0.user_id,
        r1_1.id,
        r1_1.name 
    from
        users_roles r1_0 
    join
        roles r1_1 
            on r1_1.id=r1_0.role_id 
    where
        r1_0.user_id=?
Hibernate: 
    select
        u1_0.id,
        u1_0.email,
        u1_0.nickname,
        u1_0.password 
    from
        users u1_0 
    where
        u1_0.email=?
Hibernate: 
    select
        r1_0.user_id,
        r1_1.id,
        r1_1.name 
    from
        users_roles r1_0 
    join
        roles r1_1 
            on r1_1.id=r1_0.role_id 
    where
        r1_0.user_id=?
Hibernate: 
    select
        c1_0.id,
        c1_0.description,
        c1_0.name,
        c1_0.owner_id,
        c1_0.status,
        c1_0.world_id 
    from
        campaigns c1_0 
    where
        c1_0.id=?
Hibernate: 
    select
        pc1_0.id,
        pc1_0.acrobatics_proficient,
        pc1_0.alignment,
        pc1_0.allies_and_organizations,
        pc1_0.animal_handling_proficient,
        pc1_0.appearance,
        pc1_0.arcana_proficient,
        pc1_0.armor_class,
        pc1_0.athletics_proficient,
        pc1_0.attacks_and_spellcasting,
        pc1_0.background,
        pc1_0.backstory,
        pc1_0.bonds,
        pc1_0.character_class,
        pc1_0.charisma,
        pc1_0.charisma_save_proficient,
        pc1_0.constitution,
        pc1_0.constitution_save_proficient,
        pc1_0.current_hit_points,
        pc1_0.death_save_failures,
        pc1_0.death_save_successes,
        pc1_0.deception_proficient,
        pc1_0.dexterity,
        pc1_0.dexterity_save_proficient,
        pc1_0.equipment,
        pc1_0.experience_points,
        pc1_0.features_and_traits,
        pc1_0.flaws,
        pc1_0.gm_notes,
        pc1_0.history_proficient,
        pc1_0.hit_dice,
        pc1_0.ideals,
        pc1_0.initiative_modifier,
        pc1_0.insight_proficient,
        pc1_0.inspiration,
        pc1_0.intelligence,
        pc1_0.intelligence_save_proficient,
        pc1_0.intimidation_proficient,
        pc1_0.investigation_proficient,
        pc1_0.is_visible_to_players,
        kl1_0.character_id,
        kl1_0.language,
        pc1_0.known_spells,
        pc1_0.level,
        pc1_0.max_hit_points,
        pc1_0.medicine_proficient,
        pc1_0.name,
        pc1_0.nature_proficient,
        pc1_0.other_notes,
        pc1_0.other_proficiencies,
        pc1_0.owner_id,
        pc1_0.passive_insight,
        pc1_0.passive_investigation,
        pc1_0.passive_perception,
        pc1_0.perception_proficient,
        pc1_0.performance_proficient,
        pc1_0.personality_traits,
        pc1_0.persuasion_proficient,
        pc1_0.prepared_spells,
        pc1_0.proficiencies_and_languages,
        pc1_0.proficiency_bonus,
        pc1_0.race,
        pc1_0.religion_proficient,
        pc1_0.sleight_of_hand_proficient,
        pc1_0.speed,
        pc1_0.spell_attack_bonus,
        pc1_0.spell_savedc,
        pc1_0.spell_slots,
        pc1_0.spellcasting_class,
        pc1_0.spells,
        pc1_0.stealth_proficient,
        pc1_0.strength,
        pc1_0.strength_save_proficient,
        pc1_0.subclass,
        pc1_0.survival_proficient,
        pc1_0.temporary_hit_points,
        pc1_0.treasure,
        pc1_0.wisdom,
        pc1_0.wisdom_save_proficient,
        pc1_0.world_id 
    from
        player_characters pc1_0 
    left join
        player_character_languages kl1_0 
            on pc1_0.id=kl1_0.character_id 
    where
        pc1_0.id=?
Hibernate: 
    select
        cp1_0.id 
    from
        campaign_players cp1_0 
    where
        cp1_0.campaign_id=? 
        and cp1_0.character_id=? 
        and cp1_0.status in (?, ?) 
    fetch
        first ? rows only
Hibernate: 
    insert 
    into
        campaign_players
        (campaign_id, character_id, created_at, decision_by_id, message, player_id, status, updated_at) 
    values
        (?, ?, ?, ?, ?, ?, ?, ?)
Hibernate: 
    select
        u1_0.id,
        u1_0.email,
        u1_0.nickname,
        u1_0.password 
    from
        users u1_0 
    where
        u1_0.email=?
Hibernate: 
    select
        r1_0.user_id,
        r1_1.id,
        r1_1.name 
    from
        users_roles r1_0 
    join
        roles r1_1 
            on r1_1.id=r1_0.role_id 
    where
        r1_0.user_id=?
Hibernate: 
    select
        u1_0.id,
        u1_0.email,
        u1_0.nickname,
        u1_0.password 
    from
        users u1_0 
    where
        u1_0.email=?
Hibernate: 
    select
        r1_0.user_id,
        r1_1.id,
        r1_1.name 
    from
        users_roles r1_0 
    join
        roles r1_1 
            on r1_1.id=r1_0.role_id 
    where
        r1_0.user_id=?
Hibernate: 
    select
        c1_0.id,
        c1_0.description,
        c1_0.name,
        c1_0.owner_id,
        c1_0.status,
        c1_0.world_id 
    from
        campaigns c1_0 
    where
        c1_0.id=?
Hibernate: 
    select
        cp1_0.id,
        cp1_0.campaign_id,
        cp1_0.character_id,
        cp1_0.created_at,
        cp1_0.decision_by_id,
        cp1_0.message,
        cp1_0.player_id,
        cp1_0.status,
        cp1_0.updated_at 
    from
        campaign_players cp1_0 
    where
        cp1_0.campaign_id=? 
        and cp1_0.player_id=?
Hibernate: 
    select
        u1_0.id,
        u1_0.email,
        u1_0.nickname,
        u1_0.password 
    from
        users u1_0 
    where
        u1_0.email=?
Hibernate: 
    select
        r1_0.user_id,
        r1_1.id,
        r1_1.name 
    from
        users_roles r1_0 
    join
        roles r1_1 
            on r1_1.id=r1_0.role_id 
    where
        r1_0.user_id=?
Hibernate: 
    select
        u1_0.id,
        u1_0.email,
        u1_0.nickname,
        u1_0.password 
    from
        users u1_0 
    where
        u1_0.email=?
Hibernate: 
    select
        r1_0.user_id,
        r1_1.id,
        r1_1.name 
    from
        users_roles r1_0 
    join
        roles r1_1 
            on r1_1.id=r1_0.role_id 
    where
        r1_0.user_id=?
Hibernate: 
    select
        u1_0.id,
        u1_0.email,
        u1_0.nickname,
        u1_0.password 
    from
        users u1_0 
    where
        u1_0.email=?
Hibernate: 
    select
        r1_0.user_id,
        r1_1.id,
        r1_1.name 
    from
        users_roles r1_0 
    join
        roles r1_1 
            on r1_1.id=r1_0.role_id 
    where
        r1_0.user_id=?
]]></system-out>
  </testcase>
  <testcase name="worldMismatchAndVisibilityRules" classname="it.univ.ddmanager.campaign.CampaignPlayerIntegrationTest" time="1.776">
    <system-out><![CDATA[Hibernate: 
    select
        u1_0.id,
        u1_0.email,
        u1_0.nickname,
        u1_0.password 
    from
        users u1_0 
    where
        u1_0.email=?
Hibernate: 
    select
        r1_0.id,
        r1_0.name 
    from
        roles r1_0 
    where
        r1_0.name=?
Hibernate: 
    insert 
    into
        users
        (email, nickname, password) 
    values
        (?, ?, ?)
Hibernate: 
    insert 
    into
        users_roles
        (user_id, role_id) 
    values
        (?, ?)
Hibernate: 
    select
        u1_0.id,
        u1_0.email,
        u1_0.nickname,
        u1_0.password 
    from
        users u1_0 
    where
        u1_0.email=?
Hibernate: 
    select
        r1_0.user_id,
        r1_1.id,
        r1_1.name 
    from
        users_roles r1_0 
    join
        roles r1_1 
            on r1_1.id=r1_0.role_id 
    where
        r1_0.user_id=?
Hibernate: 
    select
        r1_0.id,
        r1_0.name 
    from
        roles r1_0 
    where
        r1_0.name=?
Hibernate: 
    select
        u1_0.id,
        u1_0.email,
        u1_0.nickname,
        u1_0.password,
        r1_0.user_id,
        r1_1.id,
        r1_1.name 
    from
        users u1_0 
    left join
        users_roles r1_0 
            on u1_0.id=r1_0.user_id 
    left join
        roles r1_1 
            on r1_1.id=r1_0.role_id 
    where
        u1_0.id=?
Hibernate: 
    select
        u1_0.id,
        u1_0.email,
        u1_0.nickname,
        u1_0.password 
    from
        users u1_0 
    where
        u1_0.email=?
Hibernate: 
    select
        r1_0.id,
        r1_0.name 
    from
        roles r1_0 
    where
        r1_0.name=?
Hibernate: 
    insert 
    into
        users
        (email, nickname, password) 
    values
        (?, ?, ?)
Hibernate: 
    insert 
    into
        users_roles
        (user_id, role_id) 
    values
        (?, ?)
Hibernate: 
    select
        u1_0.id,
        u1_0.email,
        u1_0.nickname,
        u1_0.password 
    from
        users u1_0 
    where
        u1_0.email=?
Hibernate: 
    select
        r1_0.id,
        r1_0.name 
    from
        roles r1_0 
    where
        r1_0.name=?
Hibernate: 
    insert 
    into
        users
        (email, nickname, password) 
    values
        (?, ?, ?)
Hibernate: 
    insert 
    into
        users_roles
        (user_id, role_id) 
    values
        (?, ?)
Hibernate: 
    select
        u1_0.id,
        u1_0.email,
        u1_0.nickname,
        u1_0.password 
    from
        users u1_0 
    where
        u1_0.email=?
Hibernate: 
    select
        r1_0.user_id,
        r1_1.id,
        r1_1.name 
    from
        users_roles r1_0 
    join
        roles r1_1 
            on r1_1.id=r1_0.role_id 
    where
        r1_0.user_id=?
Hibernate: 
    select
        u1_0.id,
        u1_0.email,
        u1_0.nickname,
        u1_0.password 
    from
        users u1_0 
    where
        u1_0.email=?
Hibernate: 
    select
        r1_0.user_id,
        r1_1.id,
        r1_1.name 
    from
        users_roles r1_0 
    join
        roles r1_1 
            on r1_1.id=r1_0.role_id 
    where
        r1_0.user_id=?
Hibernate: 
    insert 
    into
        worlds
        (description, is_public, name, owner_id) 
    values
        (?, ?, ?, ?)
Hibernate: 
    select
        count(c1_0.id) 
    from
        campaigns c1_0 
    left join
        worlds w1_0 
            on w1_0.id=c1_0.world_id 
    where
        w1_0.id=?
Hibernate: 
    select
        u1_0.id,
        u1_0.email,
        u1_0.nickname,
        u1_0.password 
    from
        users u1_0 
    where
        u1_0.email=?
Hibernate: 
    select
        r1_0.user_id,
        r1_1.id,
        r1_1.name 
    from
        users_roles r1_0 
    join
        roles r1_1 
            on r1_1.id=r1_0.role_id 
    where
        r1_0.user_id=?
Hibernate: 
    select
        u1_0.id,
        u1_0.email,
        u1_0.nickname,
        u1_0.password 
    from
        users u1_0 
    where
        u1_0.email=?
Hibernate: 
    select
        r1_0.user_id,
        r1_1.id,
        r1_1.name 
    from
        users_roles r1_0 
    join
        roles r1_1 
            on r1_1.id=r1_0.role_id 
    where
        r1_0.user_id=?
Hibernate: 
    insert 
    into
        worlds
        (description, is_public, name, owner_id) 
    values
        (?, ?, ?, ?)
Hibernate: 
    select
        count(c1_0.id) 
    from
        campaigns c1_0 
    left join
        worlds w1_0 
            on w1_0.id=c1_0.world_id 
    where
        w1_0.id=?
Hibernate: 
    select
        u1_0.id,
        u1_0.email,
        u1_0.nickname,
        u1_0.password 
    from
        users u1_0 
    where
        u1_0.email=?
Hibernate: 
    select
        r1_0.user_id,
        r1_1.id,
        r1_1.name 
    from
        users_roles r1_0 
    join
        roles r1_1 
            on r1_1.id=r1_0.role_id 
    where
        r1_0.user_id=?
Hibernate: 
    select
        w1_0.id,
        w1_0.description,
        w1_0.is_public,
        w1_0.name,
        w1_0.owner_id 
    from
        worlds w1_0 
    where
        w1_0.id=?
Hibernate: 
    select
        u1_0.id,
        u1_0.email,
        u1_0.nickname,
        u1_0.password 
    from
        users u1_0 
    where
        u1_0.email=?
Hibernate: 
    select
        r1_0.user_id,
        r1_1.id,
        r1_1.name 
    from
        users_roles r1_0 
    join
        roles r1_1 
            on r1_1.id=r1_0.role_id 
    where
        r1_0.user_id=?
Hibernate: 
    select
        c1_0.id 
    from
        campaigns c1_0 
    left join
        worlds w1_0 
            on w1_0.id=c1_0.world_id 
    where
        w1_0.id=? 
        and upper(c1_0.name)=upper(?) 
    fetch
        first ? rows only
Hibernate: 
    insert 
    into
        campaigns
        (description, name, owner_id, status, world_id) 
    values
        (?, ?, ?, ?, ?)
Hibernate: 
    select
        u1_0.id,
        u1_0.email,
        u1_0.nickname,
        u1_0.password 
    from
        users u1_0 
    where
        u1_0.email=?
Hibernate: 
    select
        r1_0.user_id,
        r1_1.id,
        r1_1.name 
    from
        users_roles r1_0 
    join
        roles r1_1 
            on r1_1.id=r1_0.role_id 
    where
        r1_0.user_id=?
Hibernate: 
    select
        u1_0.id,
        u1_0.email,
        u1_0.nickname,
        u1_0.password 
    from
        users u1_0 
    where
        u1_0.email=?
Hibernate: 
    select
        r1_0.user_id,
        r1_1.id,
        r1_1.name 
    from
        users_roles r1_0 
    join
        roles r1_1 
            on r1_1.id=r1_0.role_id 
    where
        r1_0.user_id=?
Hibernate: 
    insert 
    into
        player_characters
        (acrobatics_proficient, alignment, allies_and_organizations, animal_handling_proficient, appearance, arcana_proficient, armor_class, athletics_proficient, attacks_and_spellcasting, background, backstory, bonds, character_class, charisma, charisma_save_proficient, constitution, constitution_save_proficient, current_hit_points, death_save_failures, death_save_successes, deception_proficient, dexterity, dexterity_save_proficient, equipment, experience_points, features_and_traits, flaws, gm_notes, history_proficient, hit_dice, ideals, initiative_modifier, insight_proficient, inspiration, intelligence, intelligence_save_proficient, intimidation_proficient, investigation_proficient, is_visible_to_players, known_spells, level, max_hit_points, medicine_proficient, name, nature_proficient, other_notes, other_proficiencies, owner_id, passive_insight, passive_investigation, passive_perception, perception_proficient, performance_proficient, personality_traits, persuasion_proficient, prepared_spells, proficiencies_and_languages, proficiency_bonus, race, religion_proficient, sleight_of_hand_proficient, speed, spell_attack_bonus, spell_savedc, spell_slots, spellcasting_class, spells, stealth_proficient, strength, strength_save_proficient, subclass, survival_proficient, temporary_hit_points, treasure, wisdom, wisdom_save_proficient, world_id) 
    values
        (?, ?, ?, ?, ?, ?, ?, ?, ?, ?, ?, ?, ?, ?, ?, ?, ?, ?, ?, ?, ?, ?, ?, ?, ?, ?, ?, ?, ?, ?, ?, ?, ?, ?, ?, ?, ?, ?, ?, ?, ?, ?, ?, ?, ?, ?, ?, ?, ?, ?, ?, ?, ?, ?, ?, ?, ?, ?, ?, ?, ?, ?, ?, ?, ?, ?, ?, ?, ?, ?, ?, ?, ?, ?, ?, ?, ?)
Hibernate: 
    insert 
    into
        player_character_languages
        (character_id, language) 
    values
        (?, ?)
Hibernate: 
    select
        u1_0.id,
        u1_0.email,
        u1_0.nickname,
        u1_0.password 
    from
        users u1_0 
    where
        u1_0.email=?
Hibernate: 
    select
        r1_0.user_id,
        r1_1.id,
        r1_1.name 
    from
        users_roles r1_0 
    join
        roles r1_1 
            on r1_1.id=r1_0.role_id 
    where
        r1_0.user_id=?
Hibernate: 
    select
        u1_0.id,
        u1_0.email,
        u1_0.nickname,
        u1_0.password 
    from
        users u1_0 
    where
        u1_0.email=?
Hibernate: 
    select
        r1_0.user_id,
        r1_1.id,
        r1_1.name 
    from
        users_roles r1_0 
    join
        roles r1_1 
            on r1_1.id=r1_0.role_id 
    where
        r1_0.user_id=?
Hibernate: 
    select
        c1_0.id,
        c1_0.description,
        c1_0.name,
        c1_0.owner_id,
        c1_0.status,
        c1_0.world_id 
    from
        campaigns c1_0 
    where
        c1_0.id=?
Hibernate: 
    select
        pc1_0.id,
        pc1_0.acrobatics_proficient,
        pc1_0.alignment,
        pc1_0.allies_and_organizations,
        pc1_0.animal_handling_proficient,
        pc1_0.appearance,
        pc1_0.arcana_proficient,
        pc1_0.armor_class,
        pc1_0.athletics_proficient,
        pc1_0.attacks_and_spellcasting,
        pc1_0.background,
        pc1_0.backstory,
        pc1_0.bonds,
        pc1_0.character_class,
        pc1_0.charisma,
        pc1_0.charisma_save_proficient,
        pc1_0.constitution,
        pc1_0.constitution_save_proficient,
        pc1_0.current_hit_points,
        pc1_0.death_save_failures,
        pc1_0.death_save_successes,
        pc1_0.deception_proficient,
        pc1_0.dexterity,
        pc1_0.dexterity_save_proficient,
        pc1_0.equipment,
        pc1_0.experience_points,
        pc1_0.features_and_traits,
        pc1_0.flaws,
        pc1_0.gm_notes,
        pc1_0.history_proficient,
        pc1_0.hit_dice,
        pc1_0.ideals,
        pc1_0.initiative_modifier,
        pc1_0.insight_proficient,
        pc1_0.inspiration,
        pc1_0.intelligence,
        pc1_0.intelligence_save_proficient,
        pc1_0.intimidation_proficient,
        pc1_0.investigation_proficient,
        pc1_0.is_visible_to_players,
        kl1_0.character_id,
        kl1_0.language,
        pc1_0.known_spells,
        pc1_0.level,
        pc1_0.max_hit_points,
        pc1_0.medicine_proficient,
        pc1_0.name,
        pc1_0.nature_proficient,
        pc1_0.other_notes,
        pc1_0.other_proficiencies,
        pc1_0.owner_id,
        pc1_0.passive_insight,
        pc1_0.passive_investigation,
        pc1_0.passive_perception,
        pc1_0.perception_proficient,
        pc1_0.performance_proficient,
        pc1_0.personality_traits,
        pc1_0.persuasion_proficient,
        pc1_0.prepared_spells,
        pc1_0.proficiencies_and_languages,
        pc1_0.proficiency_bonus,
        pc1_0.race,
        pc1_0.religion_proficient,
        pc1_0.sleight_of_hand_proficient,
        pc1_0.speed,
        pc1_0.spell_attack_bonus,
        pc1_0.spell_savedc,
        pc1_0.spell_slots,
        pc1_0.spellcasting_class,
        pc1_0.spells,
        pc1_0.stealth_proficient,
        pc1_0.strength,
        pc1_0.strength_save_proficient,
        pc1_0.subclass,
        pc1_0.survival_proficient,
        pc1_0.temporary_hit_points,
        pc1_0.treasure,
        pc1_0.wisdom,
        pc1_0.wisdom_save_proficient,
        pc1_0.world_id 
    from
        player_characters pc1_0 
    left join
        player_character_languages kl1_0 
            on pc1_0.id=kl1_0.character_id 
    where
        pc1_0.id=?
Hibernate: 
    select
        cp1_0.id 
    from
        campaign_players cp1_0 
    where
        cp1_0.campaign_id=? 
        and cp1_0.character_id=? 
        and cp1_0.status in (?, ?) 
    fetch
        first ? rows only
Hibernate: 
    insert 
    into
        campaign_players
        (campaign_id, character_id, created_at, decision_by_id, message, player_id, status, updated_at) 
    values
        (?, ?, ?, ?, ?, ?, ?, ?)
Hibernate: 
    select
        u1_0.id,
        u1_0.email,
        u1_0.nickname,
        u1_0.password 
    from
        users u1_0 
    where
        u1_0.email=?
Hibernate: 
    select
        r1_0.user_id,
        r1_1.id,
        r1_1.name 
    from
        users_roles r1_0 
    join
        roles r1_1 
            on r1_1.id=r1_0.role_id 
    where
        r1_0.user_id=?
Hibernate: 
    select
        u1_0.id,
        u1_0.email,
        u1_0.nickname,
        u1_0.password 
    from
        users u1_0 
    where
        u1_0.email=?
Hibernate: 
    select
        r1_0.user_id,
        r1_1.id,
        r1_1.name 
    from
        users_roles r1_0 
    join
        roles r1_1 
            on r1_1.id=r1_0.role_id 
    where
        r1_0.user_id=?
Hibernate: 
    insert 
    into
        player_characters
        (acrobatics_proficient, alignment, allies_and_organizations, animal_handling_proficient, appearance, arcana_proficient, armor_class, athletics_proficient, attacks_and_spellcasting, background, backstory, bonds, character_class, charisma, charisma_save_proficient, constitution, constitution_save_proficient, current_hit_points, death_save_failures, death_save_successes, deception_proficient, dexterity, dexterity_save_proficient, equipment, experience_points, features_and_traits, flaws, gm_notes, history_proficient, hit_dice, ideals, initiative_modifier, insight_proficient, inspiration, intelligence, intelligence_save_proficient, intimidation_proficient, investigation_proficient, is_visible_to_players, known_spells, level, max_hit_points, medicine_proficient, name, nature_proficient, other_notes, other_proficiencies, owner_id, passive_insight, passive_investigation, passive_perception, perception_proficient, performance_proficient, personality_traits, persuasion_proficient, prepared_spells, proficiencies_and_languages, proficiency_bonus, race, religion_proficient, sleight_of_hand_proficient, speed, spell_attack_bonus, spell_savedc, spell_slots, spellcasting_class, spells, stealth_proficient, strength, strength_save_proficient, subclass, survival_proficient, temporary_hit_points, treasure, wisdom, wisdom_save_proficient, world_id) 
    values
        (?, ?, ?, ?, ?, ?, ?, ?, ?, ?, ?, ?, ?, ?, ?, ?, ?, ?, ?, ?, ?, ?, ?, ?, ?, ?, ?, ?, ?, ?, ?, ?, ?, ?, ?, ?, ?, ?, ?, ?, ?, ?, ?, ?, ?, ?, ?, ?, ?, ?, ?, ?, ?, ?, ?, ?, ?, ?, ?, ?, ?, ?, ?, ?, ?, ?, ?, ?, ?, ?, ?, ?, ?, ?, ?, ?, ?)
Hibernate: 
    insert 
    into
        player_character_languages
        (character_id, language) 
    values
        (?, ?)
Hibernate: 
    select
        u1_0.id,
        u1_0.email,
        u1_0.nickname,
        u1_0.password 
    from
        users u1_0 
    where
        u1_0.email=?
Hibernate: 
    select
        r1_0.user_id,
        r1_1.id,
        r1_1.name 
    from
        users_roles r1_0 
    join
        roles r1_1 
            on r1_1.id=r1_0.role_id 
    where
        r1_0.user_id=?
Hibernate: 
    select
        u1_0.id,
        u1_0.email,
        u1_0.nickname,
        u1_0.password 
    from
        users u1_0 
    where
        u1_0.email=?
Hibernate: 
    select
        r1_0.user_id,
        r1_1.id,
        r1_1.name 
    from
        users_roles r1_0 
    join
        roles r1_1 
            on r1_1.id=r1_0.role_id 
    where
        r1_0.user_id=?
Hibernate: 
    select
        c1_0.id,
        c1_0.description,
        c1_0.name,
        c1_0.owner_id,
        c1_0.status,
        c1_0.world_id 
    from
        campaigns c1_0 
    where
        c1_0.id=?
Hibernate: 
    select
        pc1_0.id,
        pc1_0.acrobatics_proficient,
        pc1_0.alignment,
        pc1_0.allies_and_organizations,
        pc1_0.animal_handling_proficient,
        pc1_0.appearance,
        pc1_0.arcana_proficient,
        pc1_0.armor_class,
        pc1_0.athletics_proficient,
        pc1_0.attacks_and_spellcasting,
        pc1_0.background,
        pc1_0.backstory,
        pc1_0.bonds,
        pc1_0.character_class,
        pc1_0.charisma,
        pc1_0.charisma_save_proficient,
        pc1_0.constitution,
        pc1_0.constitution_save_proficient,
        pc1_0.current_hit_points,
        pc1_0.death_save_failures,
        pc1_0.death_save_successes,
        pc1_0.deception_proficient,
        pc1_0.dexterity,
        pc1_0.dexterity_save_proficient,
        pc1_0.equipment,
        pc1_0.experience_points,
        pc1_0.features_and_traits,
        pc1_0.flaws,
        pc1_0.gm_notes,
        pc1_0.history_proficient,
        pc1_0.hit_dice,
        pc1_0.ideals,
        pc1_0.initiative_modifier,
        pc1_0.insight_proficient,
        pc1_0.inspiration,
        pc1_0.intelligence,
        pc1_0.intelligence_save_proficient,
        pc1_0.intimidation_proficient,
        pc1_0.investigation_proficient,
        pc1_0.is_visible_to_players,
        kl1_0.character_id,
        kl1_0.language,
        pc1_0.known_spells,
        pc1_0.level,
        pc1_0.max_hit_points,
        pc1_0.medicine_proficient,
        pc1_0.name,
        pc1_0.nature_proficient,
        pc1_0.other_notes,
        pc1_0.other_proficiencies,
        pc1_0.owner_id,
        pc1_0.passive_insight,
        pc1_0.passive_investigation,
        pc1_0.passive_perception,
        pc1_0.perception_proficient,
        pc1_0.performance_proficient,
        pc1_0.personality_traits,
        pc1_0.persuasion_proficient,
        pc1_0.prepared_spells,
        pc1_0.proficiencies_and_languages,
        pc1_0.proficiency_bonus,
        pc1_0.race,
        pc1_0.religion_proficient,
        pc1_0.sleight_of_hand_proficient,
        pc1_0.speed,
        pc1_0.spell_attack_bonus,
        pc1_0.spell_savedc,
        pc1_0.spell_slots,
        pc1_0.spellcasting_class,
        pc1_0.spells,
        pc1_0.stealth_proficient,
        pc1_0.strength,
        pc1_0.strength_save_proficient,
        pc1_0.subclass,
        pc1_0.survival_proficient,
        pc1_0.temporary_hit_points,
        pc1_0.treasure,
        pc1_0.wisdom,
        pc1_0.wisdom_save_proficient,
        pc1_0.world_id 
    from
        player_characters pc1_0 
    left join
        player_character_languages kl1_0 
            on pc1_0.id=kl1_0.character_id 
    where
        pc1_0.id=?
Hibernate: 
    select
        cp1_0.id 
    from
        campaign_players cp1_0 
    where
        cp1_0.campaign_id=? 
        and cp1_0.character_id=? 
        and cp1_0.status in (?, ?) 
    fetch
        first ? rows only
Hibernate: 
    insert 
    into
        campaign_players
        (campaign_id, character_id, created_at, decision_by_id, message, player_id, status, updated_at) 
    values
        (?, ?, ?, ?, ?, ?, ?, ?)
Hibernate: 
    select
        u1_0.id,
        u1_0.email,
        u1_0.nickname,
        u1_0.password 
    from
        users u1_0 
    where
        u1_0.email=?
Hibernate: 
    select
        r1_0.user_id,
        r1_1.id,
        r1_1.name 
    from
        users_roles r1_0 
    join
        roles r1_1 
            on r1_1.id=r1_0.role_id 
    where
        r1_0.user_id=?
Hibernate: 
    select
        u1_0.id,
        u1_0.email,
        u1_0.nickname,
        u1_0.password 
    from
        users u1_0 
    where
        u1_0.email=?
Hibernate: 
    select
        r1_0.user_id,
        r1_1.id,
        r1_1.name 
    from
        users_roles r1_0 
    join
        roles r1_1 
            on r1_1.id=r1_0.role_id 
    where
        r1_0.user_id=?
Hibernate: 
    select
        c1_0.id,
        c1_0.description,
        c1_0.name,
        c1_0.owner_id,
        c1_0.status,
        c1_0.world_id 
    from
        campaigns c1_0 
    where
        c1_0.id=?
Hibernate: 
    select
        cp1_0.id,
        cp1_0.campaign_id,
        cp1_0.character_id,
        cp1_0.created_at,
        cp1_0.decision_by_id,
        cp1_0.message,
        cp1_0.player_id,
        cp1_0.status,
        cp1_0.updated_at 
    from
        campaign_players cp1_0 
    where
        cp1_0.id=? 
        and cp1_0.campaign_id=?
Hibernate: 
    update
        campaign_players 
    set
        campaign_id=?,
        character_id=?,
        decision_by_id=?,
        message=?,
        player_id=?,
        status=?,
        updated_at=? 
    where
        id=?
Hibernate: 
    select
        pc1_0.id,
        pc1_0.acrobatics_proficient,
        pc1_0.alignment,
        pc1_0.allies_and_organizations,
        pc1_0.animal_handling_proficient,
        pc1_0.appearance,
        pc1_0.arcana_proficient,
        pc1_0.armor_class,
        pc1_0.athletics_proficient,
        pc1_0.attacks_and_spellcasting,
        pc1_0.background,
        pc1_0.backstory,
        pc1_0.bonds,
        pc1_0.character_class,
        pc1_0.charisma,
        pc1_0.charisma_save_proficient,
        pc1_0.constitution,
        pc1_0.constitution_save_proficient,
        pc1_0.current_hit_points,
        pc1_0.death_save_failures,
        pc1_0.death_save_successes,
        pc1_0.deception_proficient,
        pc1_0.dexterity,
        pc1_0.dexterity_save_proficient,
        pc1_0.equipment,
        pc1_0.experience_points,
        pc1_0.features_and_traits,
        pc1_0.flaws,
        pc1_0.gm_notes,
        pc1_0.history_proficient,
        pc1_0.hit_dice,
        pc1_0.ideals,
        pc1_0.initiative_modifier,
        pc1_0.insight_proficient,
        pc1_0.inspiration,
        pc1_0.intelligence,
        pc1_0.intelligence_save_proficient,
        pc1_0.intimidation_proficient,
        pc1_0.investigation_proficient,
        pc1_0.is_visible_to_players,
        kl1_0.character_id,
        kl1_0.language,
        pc1_0.known_spells,
        pc1_0.level,
        pc1_0.max_hit_points,
        pc1_0.medicine_proficient,
        pc1_0.name,
        pc1_0.nature_proficient,
        pc1_0.other_notes,
        pc1_0.other_proficiencies,
        pc1_0.owner_id,
        pc1_0.passive_insight,
        pc1_0.passive_investigation,
        pc1_0.passive_perception,
        pc1_0.perception_proficient,
        pc1_0.performance_proficient,
        pc1_0.personality_traits,
        pc1_0.persuasion_proficient,
        pc1_0.prepared_spells,
        pc1_0.proficiencies_and_languages,
        pc1_0.proficiency_bonus,
        pc1_0.race,
        pc1_0.religion_proficient,
        pc1_0.sleight_of_hand_proficient,
        pc1_0.speed,
        pc1_0.spell_attack_bonus,
        pc1_0.spell_savedc,
        pc1_0.spell_slots,
        pc1_0.spellcasting_class,
        pc1_0.spells,
        pc1_0.stealth_proficient,
        pc1_0.strength,
        pc1_0.strength_save_proficient,
        pc1_0.subclass,
        pc1_0.survival_proficient,
        pc1_0.temporary_hit_points,
        pc1_0.treasure,
        pc1_0.wisdom,
        pc1_0.wisdom_save_proficient,
        pc1_0.world_id 
    from
        player_characters pc1_0 
    left join
        player_character_languages kl1_0 
            on pc1_0.id=kl1_0.character_id 
    where
        pc1_0.id=?
Hibernate: 
    select
        u1_0.id,
        u1_0.email,
        u1_0.nickname,
        u1_0.password,
        r1_0.user_id,
        r1_1.id,
        r1_1.name 
    from
        users u1_0 
    left join
        users_roles r1_0 
            on u1_0.id=r1_0.user_id 
    left join
        roles r1_1 
            on r1_1.id=r1_0.role_id 
    where
        u1_0.id=?
Hibernate: 
    select
        u1_0.id,
        u1_0.email,
        u1_0.nickname,
        u1_0.password 
    from
        users u1_0 
    where
        u1_0.email=?
Hibernate: 
    select
        r1_0.user_id,
        r1_1.id,
        r1_1.name 
    from
        users_roles r1_0 
    join
        roles r1_1 
            on r1_1.id=r1_0.role_id 
    where
        r1_0.user_id=?
Hibernate: 
    select
        u1_0.id,
        u1_0.email,
        u1_0.nickname,
        u1_0.password 
    from
        users u1_0 
    where
        u1_0.email=?
Hibernate: 
    select
        r1_0.user_id,
        r1_1.id,
        r1_1.name 
    from
        users_roles r1_0 
    join
        roles r1_1 
            on r1_1.id=r1_0.role_id 
    where
        r1_0.user_id=?
Hibernate: 
    select
        c1_0.id,
        c1_0.description,
        c1_0.name,
        c1_0.owner_id,
        c1_0.status,
        c1_0.world_id 
    from
        campaigns c1_0 
    where
        c1_0.id=?
Hibernate: 
    select
        cp1_0.id,
        cp1_0.campaign_id,
        cp1_0.character_id,
        cp1_0.created_at,
        cp1_0.decision_by_id,
        cp1_0.message,
        cp1_0.player_id,
        cp1_0.status,
        cp1_0.updated_at 
    from
        campaign_players cp1_0 
    where
        cp1_0.campaign_id=? 
        and cp1_0.status=?
Hibernate: 
    select
        pc1_0.id,
        pc1_0.acrobatics_proficient,
        pc1_0.alignment,
        pc1_0.allies_and_organizations,
        pc1_0.animal_handling_proficient,
        pc1_0.appearance,
        pc1_0.arcana_proficient,
        pc1_0.armor_class,
        pc1_0.athletics_proficient,
        pc1_0.attacks_and_spellcasting,
        pc1_0.background,
        pc1_0.backstory,
        pc1_0.bonds,
        pc1_0.character_class,
        pc1_0.charisma,
        pc1_0.charisma_save_proficient,
        pc1_0.constitution,
        pc1_0.constitution_save_proficient,
        pc1_0.current_hit_points,
        pc1_0.death_save_failures,
        pc1_0.death_save_successes,
        pc1_0.deception_proficient,
        pc1_0.dexterity,
        pc1_0.dexterity_save_proficient,
        pc1_0.equipment,
        pc1_0.experience_points,
        pc1_0.features_and_traits,
        pc1_0.flaws,
        pc1_0.gm_notes,
        pc1_0.history_proficient,
        pc1_0.hit_dice,
        pc1_0.ideals,
        pc1_0.initiative_modifier,
        pc1_0.insight_proficient,
        pc1_0.inspiration,
        pc1_0.intelligence,
        pc1_0.intelligence_save_proficient,
        pc1_0.intimidation_proficient,
        pc1_0.investigation_proficient,
        pc1_0.is_visible_to_players,
        kl1_0.character_id,
        kl1_0.language,
        pc1_0.known_spells,
        pc1_0.level,
        pc1_0.max_hit_points,
        pc1_0.medicine_proficient,
        pc1_0.name,
        pc1_0.nature_proficient,
        pc1_0.other_notes,
        pc1_0.other_proficiencies,
        pc1_0.owner_id,
        pc1_0.passive_insight,
        pc1_0.passive_investigation,
        pc1_0.passive_perception,
        pc1_0.perception_proficient,
        pc1_0.performance_proficient,
        pc1_0.personality_traits,
        pc1_0.persuasion_proficient,
        pc1_0.prepared_spells,
        pc1_0.proficiencies_and_languages,
        pc1_0.proficiency_bonus,
        pc1_0.race,
        pc1_0.religion_proficient,
        pc1_0.sleight_of_hand_proficient,
        pc1_0.speed,
        pc1_0.spell_attack_bonus,
        pc1_0.spell_savedc,
        pc1_0.spell_slots,
        pc1_0.spellcasting_class,
        pc1_0.spells,
        pc1_0.stealth_proficient,
        pc1_0.strength,
        pc1_0.strength_save_proficient,
        pc1_0.subclass,
        pc1_0.survival_proficient,
        pc1_0.temporary_hit_points,
        pc1_0.treasure,
        pc1_0.wisdom,
        pc1_0.wisdom_save_proficient,
        pc1_0.world_id 
    from
        player_characters pc1_0 
    left join
        player_character_languages kl1_0 
            on pc1_0.id=kl1_0.character_id 
    where
        pc1_0.id=?
Hibernate: 
    select
        u1_0.id,
        u1_0.email,
        u1_0.nickname,
        u1_0.password 
    from
        users u1_0 
    where
        u1_0.email=?
Hibernate: 
    select
        r1_0.user_id,
        r1_1.id,
        r1_1.name 
    from
        users_roles r1_0 
    join
        roles r1_1 
            on r1_1.id=r1_0.role_id 
    where
        r1_0.user_id=?
Hibernate: 
    select
        u1_0.id,
        u1_0.email,
        u1_0.nickname,
        u1_0.password 
    from
        users u1_0 
    where
        u1_0.email=?
Hibernate: 
    select
        r1_0.user_id,
        r1_1.id,
        r1_1.name 
    from
        users_roles r1_0 
    join
        roles r1_1 
            on r1_1.id=r1_0.role_id 
    where
        r1_0.user_id=?
Hibernate: 
    select
        c1_0.id,
        c1_0.description,
        c1_0.name,
        c1_0.owner_id,
        c1_0.status,
        c1_0.world_id 
    from
        campaigns c1_0 
    where
        c1_0.id=?
Hibernate: 
    select
        cp1_0.id,
        cp1_0.campaign_id,
        cp1_0.character_id,
        cp1_0.created_at,
        cp1_0.decision_by_id,
        cp1_0.message,
        cp1_0.player_id,
        cp1_0.status,
        cp1_0.updated_at 
    from
        campaign_players cp1_0 
    where
        cp1_0.campaign_id=? 
        and cp1_0.status=?
Hibernate: 
    select
        pc1_0.id,
        pc1_0.acrobatics_proficient,
        pc1_0.alignment,
        pc1_0.allies_and_organizations,
        pc1_0.animal_handling_proficient,
        pc1_0.appearance,
        pc1_0.arcana_proficient,
        pc1_0.armor_class,
        pc1_0.athletics_proficient,
        pc1_0.attacks_and_spellcasting,
        pc1_0.background,
        pc1_0.backstory,
        pc1_0.bonds,
        pc1_0.character_class,
        pc1_0.charisma,
        pc1_0.charisma_save_proficient,
        pc1_0.constitution,
        pc1_0.constitution_save_proficient,
        pc1_0.current_hit_points,
        pc1_0.death_save_failures,
        pc1_0.death_save_successes,
        pc1_0.deception_proficient,
        pc1_0.dexterity,
        pc1_0.dexterity_save_proficient,
        pc1_0.equipment,
        pc1_0.experience_points,
        pc1_0.features_and_traits,
        pc1_0.flaws,
        pc1_0.gm_notes,
        pc1_0.history_proficient,
        pc1_0.hit_dice,
        pc1_0.ideals,
        pc1_0.initiative_modifier,
        pc1_0.insight_proficient,
        pc1_0.inspiration,
        pc1_0.intelligence,
        pc1_0.intelligence_save_proficient,
        pc1_0.intimidation_proficient,
        pc1_0.investigation_proficient,
        pc1_0.is_visible_to_players,
        kl1_0.character_id,
        kl1_0.language,
        pc1_0.known_spells,
        pc1_0.level,
        pc1_0.max_hit_points,
        pc1_0.medicine_proficient,
        pc1_0.name,
        pc1_0.nature_proficient,
        pc1_0.other_notes,
        pc1_0.other_proficiencies,
        pc1_0.owner_id,
        pc1_0.passive_insight,
        pc1_0.passive_investigation,
        pc1_0.passive_perception,
        pc1_0.perception_proficient,
        pc1_0.performance_proficient,
        pc1_0.personality_traits,
        pc1_0.persuasion_proficient,
        pc1_0.prepared_spells,
        pc1_0.proficiencies_and_languages,
        pc1_0.proficiency_bonus,
        pc1_0.race,
        pc1_0.religion_proficient,
        pc1_0.sleight_of_hand_proficient,
        pc1_0.speed,
        pc1_0.spell_attack_bonus,
        pc1_0.spell_savedc,
        pc1_0.spell_slots,
        pc1_0.spellcasting_class,
        pc1_0.spells,
        pc1_0.stealth_proficient,
        pc1_0.strength,
        pc1_0.strength_save_proficient,
        pc1_0.subclass,
        pc1_0.survival_proficient,
        pc1_0.temporary_hit_points,
        pc1_0.treasure,
        pc1_0.wisdom,
        pc1_0.wisdom_save_proficient,
        pc1_0.world_id 
    from
        player_characters pc1_0 
    left join
        player_character_languages kl1_0 
            on pc1_0.id=kl1_0.character_id 
    where
        pc1_0.id=?
Hibernate: 
    select
        u1_0.id,
        u1_0.email,
        u1_0.nickname,
        u1_0.password,
        r1_0.user_id,
        r1_1.id,
        r1_1.name 
    from
        users u1_0 
    left join
        users_roles r1_0 
            on u1_0.id=r1_0.user_id 
    left join
        roles r1_1 
            on r1_1.id=r1_0.role_id 
    where
        u1_0.id=?
]]></system-out>
  </testcase>
  <testcase name="player_requestFlowAndGmApproval" classname="it.univ.ddmanager.campaign.CampaignPlayerIntegrationTest" time="1.911">
    <system-out><![CDATA[Hibernate: 
    select
        u1_0.id,
        u1_0.email,
        u1_0.nickname,
        u1_0.password 
    from
        users u1_0 
    where
        u1_0.email=?
Hibernate: 
    select
        r1_0.id,
        r1_0.name 
    from
        roles r1_0 
    where
        r1_0.name=?
Hibernate: 
    insert 
    into
        users
        (email, nickname, password) 
    values
        (?, ?, ?)
Hibernate: 
    insert 
    into
        users_roles
        (user_id, role_id) 
    values
        (?, ?)
Hibernate: 
    select
        u1_0.id,
        u1_0.email,
        u1_0.nickname,
        u1_0.password 
    from
        users u1_0 
    where
        u1_0.email=?
Hibernate: 
    select
        r1_0.user_id,
        r1_1.id,
        r1_1.name 
    from
        users_roles r1_0 
    join
        roles r1_1 
            on r1_1.id=r1_0.role_id 
    where
        r1_0.user_id=?
Hibernate: 
    select
        r1_0.id,
        r1_0.name 
    from
        roles r1_0 
    where
        r1_0.name=?
Hibernate: 
    select
        u1_0.id,
        u1_0.email,
        u1_0.nickname,
        u1_0.password,
        r1_0.user_id,
        r1_1.id,
        r1_1.name 
    from
        users u1_0 
    left join
        users_roles r1_0 
            on u1_0.id=r1_0.user_id 
    left join
        roles r1_1 
            on r1_1.id=r1_0.role_id 
    where
        u1_0.id=?
Hibernate: 
    select
        u1_0.id,
        u1_0.email,
        u1_0.nickname,
        u1_0.password 
    from
        users u1_0 
    where
        u1_0.email=?
Hibernate: 
    select
        r1_0.id,
        r1_0.name 
    from
        roles r1_0 
    where
        r1_0.name=?
Hibernate: 
    insert 
    into
        users
        (email, nickname, password) 
    values
        (?, ?, ?)
Hibernate: 
    insert 
    into
        users_roles
        (user_id, role_id) 
    values
        (?, ?)
Hibernate: 
    select
        u1_0.id,
        u1_0.email,
        u1_0.nickname,
        u1_0.password 
    from
        users u1_0 
    where
        u1_0.email=?
Hibernate: 
    select
        r1_0.user_id,
        r1_1.id,
        r1_1.name 
    from
        users_roles r1_0 
    join
        roles r1_1 
            on r1_1.id=r1_0.role_id 
    where
        r1_0.user_id=?
Hibernate: 
    select
        u1_0.id,
        u1_0.email,
        u1_0.nickname,
        u1_0.password 
    from
        users u1_0 
    where
        u1_0.email=?
Hibernate: 
    select
        r1_0.user_id,
        r1_1.id,
        r1_1.name 
    from
        users_roles r1_0 
    join
        roles r1_1 
            on r1_1.id=r1_0.role_id 
    where
        r1_0.user_id=?
Hibernate: 
    insert 
    into
        worlds
        (description, is_public, name, owner_id) 
    values
        (?, ?, ?, ?)
Hibernate: 
    select
        count(c1_0.id) 
    from
        campaigns c1_0 
    left join
        worlds w1_0 
            on w1_0.id=c1_0.world_id 
    where
        w1_0.id=?
Hibernate: 
    select
        u1_0.id,
        u1_0.email,
        u1_0.nickname,
        u1_0.password 
    from
        users u1_0 
    where
        u1_0.email=?
Hibernate: 
    select
        r1_0.user_id,
        r1_1.id,
        r1_1.name 
    from
        users_roles r1_0 
    join
        roles r1_1 
            on r1_1.id=r1_0.role_id 
    where
        r1_0.user_id=?
Hibernate: 
    select
        w1_0.id,
        w1_0.description,
        w1_0.is_public,
        w1_0.name,
        w1_0.owner_id 
    from
        worlds w1_0 
    where
        w1_0.id=?
Hibernate: 
    select
        u1_0.id,
        u1_0.email,
        u1_0.nickname,
        u1_0.password 
    from
        users u1_0 
    where
        u1_0.email=?
Hibernate: 
    select
        r1_0.user_id,
        r1_1.id,
        r1_1.name 
    from
        users_roles r1_0 
    join
        roles r1_1 
            on r1_1.id=r1_0.role_id 
    where
        r1_0.user_id=?
Hibernate: 
    select
        c1_0.id 
    from
        campaigns c1_0 
    left join
        worlds w1_0 
            on w1_0.id=c1_0.world_id 
    where
        w1_0.id=? 
        and upper(c1_0.name)=upper(?) 
    fetch
        first ? rows only
Hibernate: 
    insert 
    into
        campaigns
        (description, name, owner_id, status, world_id) 
    values
        (?, ?, ?, ?, ?)
Hibernate: 
    select
        u1_0.id,
        u1_0.email,
        u1_0.nickname,
        u1_0.password 
    from
        users u1_0 
    where
        u1_0.email=?
Hibernate: 
    select
        r1_0.user_id,
        r1_1.id,
        r1_1.name 
    from
        users_roles r1_0 
    join
        roles r1_1 
            on r1_1.id=r1_0.role_id 
    where
        r1_0.user_id=?
Hibernate: 
    select
        u1_0.id,
        u1_0.email,
        u1_0.nickname,
        u1_0.password 
    from
        users u1_0 
    where
        u1_0.email=?
Hibernate: 
    select
        r1_0.user_id,
        r1_1.id,
        r1_1.name 
    from
        users_roles r1_0 
    join
        roles r1_1 
            on r1_1.id=r1_0.role_id 
    where
        r1_0.user_id=?
Hibernate: 
    insert 
    into
        player_characters
        (acrobatics_proficient, alignment, allies_and_organizations, animal_handling_proficient, appearance, arcana_proficient, armor_class, athletics_proficient, attacks_and_spellcasting, background, backstory, bonds, character_class, charisma, charisma_save_proficient, constitution, constitution_save_proficient, current_hit_points, death_save_failures, death_save_successes, deception_proficient, dexterity, dexterity_save_proficient, equipment, experience_points, features_and_traits, flaws, gm_notes, history_proficient, hit_dice, ideals, initiative_modifier, insight_proficient, inspiration, intelligence, intelligence_save_proficient, intimidation_proficient, investigation_proficient, is_visible_to_players, known_spells, level, max_hit_points, medicine_proficient, name, nature_proficient, other_notes, other_proficiencies, owner_id, passive_insight, passive_investigation, passive_perception, perception_proficient, performance_proficient, personality_traits, persuasion_proficient, prepared_spells, proficiencies_and_languages, proficiency_bonus, race, religion_proficient, sleight_of_hand_proficient, speed, spell_attack_bonus, spell_savedc, spell_slots, spellcasting_class, spells, stealth_proficient, strength, strength_save_proficient, subclass, survival_proficient, temporary_hit_points, treasure, wisdom, wisdom_save_proficient, world_id) 
    values
        (?, ?, ?, ?, ?, ?, ?, ?, ?, ?, ?, ?, ?, ?, ?, ?, ?, ?, ?, ?, ?, ?, ?, ?, ?, ?, ?, ?, ?, ?, ?, ?, ?, ?, ?, ?, ?, ?, ?, ?, ?, ?, ?, ?, ?, ?, ?, ?, ?, ?, ?, ?, ?, ?, ?, ?, ?, ?, ?, ?, ?, ?, ?, ?, ?, ?, ?, ?, ?, ?, ?, ?, ?, ?, ?, ?, ?)
Hibernate: 
    insert 
    into
        player_character_languages
        (character_id, language) 
    values
        (?, ?)
Hibernate: 
    select
        u1_0.id,
        u1_0.email,
        u1_0.nickname,
        u1_0.password 
    from
        users u1_0 
    where
        u1_0.email=?
Hibernate: 
    select
        r1_0.user_id,
        r1_1.id,
        r1_1.name 
    from
        users_roles r1_0 
    join
        roles r1_1 
            on r1_1.id=r1_0.role_id 
    where
        r1_0.user_id=?
Hibernate: 
    select
        u1_0.id,
        u1_0.email,
        u1_0.nickname,
        u1_0.password 
    from
        users u1_0 
    where
        u1_0.email=?
Hibernate: 
    select
        r1_0.user_id,
        r1_1.id,
        r1_1.name 
    from
        users_roles r1_0 
    join
        roles r1_1 
            on r1_1.id=r1_0.role_id 
    where
        r1_0.user_id=?
Hibernate: 
    select
        c1_0.id,
        c1_0.description,
        c1_0.name,
        c1_0.owner_id,
        c1_0.status,
        c1_0.world_id 
    from
        campaigns c1_0 
    where
        c1_0.id=?
Hibernate: 
    select
        pc1_0.id,
        pc1_0.acrobatics_proficient,
        pc1_0.alignment,
        pc1_0.allies_and_organizations,
        pc1_0.animal_handling_proficient,
        pc1_0.appearance,
        pc1_0.arcana_proficient,
        pc1_0.armor_class,
        pc1_0.athletics_proficient,
        pc1_0.attacks_and_spellcasting,
        pc1_0.background,
        pc1_0.backstory,
        pc1_0.bonds,
        pc1_0.character_class,
        pc1_0.charisma,
        pc1_0.charisma_save_proficient,
        pc1_0.constitution,
        pc1_0.constitution_save_proficient,
        pc1_0.current_hit_points,
        pc1_0.death_save_failures,
        pc1_0.death_save_successes,
        pc1_0.deception_proficient,
        pc1_0.dexterity,
        pc1_0.dexterity_save_proficient,
        pc1_0.equipment,
        pc1_0.experience_points,
        pc1_0.features_and_traits,
        pc1_0.flaws,
        pc1_0.gm_notes,
        pc1_0.history_proficient,
        pc1_0.hit_dice,
        pc1_0.ideals,
        pc1_0.initiative_modifier,
        pc1_0.insight_proficient,
        pc1_0.inspiration,
        pc1_0.intelligence,
        pc1_0.intelligence_save_proficient,
        pc1_0.intimidation_proficient,
        pc1_0.investigation_proficient,
        pc1_0.is_visible_to_players,
        kl1_0.character_id,
        kl1_0.language,
        pc1_0.known_spells,
        pc1_0.level,
        pc1_0.max_hit_points,
        pc1_0.medicine_proficient,
        pc1_0.name,
        pc1_0.nature_proficient,
        pc1_0.other_notes,
        pc1_0.other_proficiencies,
        pc1_0.owner_id,
        pc1_0.passive_insight,
        pc1_0.passive_investigation,
        pc1_0.passive_perception,
        pc1_0.perception_proficient,
        pc1_0.performance_proficient,
        pc1_0.personality_traits,
        pc1_0.persuasion_proficient,
        pc1_0.prepared_spells,
        pc1_0.proficiencies_and_languages,
        pc1_0.proficiency_bonus,
        pc1_0.race,
        pc1_0.religion_proficient,
        pc1_0.sleight_of_hand_proficient,
        pc1_0.speed,
        pc1_0.spell_attack_bonus,
        pc1_0.spell_savedc,
        pc1_0.spell_slots,
        pc1_0.spellcasting_class,
        pc1_0.spells,
        pc1_0.stealth_proficient,
        pc1_0.strength,
        pc1_0.strength_save_proficient,
        pc1_0.subclass,
        pc1_0.survival_proficient,
        pc1_0.temporary_hit_points,
        pc1_0.treasure,
        pc1_0.wisdom,
        pc1_0.wisdom_save_proficient,
        pc1_0.world_id 
    from
        player_characters pc1_0 
    left join
        player_character_languages kl1_0 
            on pc1_0.id=kl1_0.character_id 
    where
        pc1_0.id=?
Hibernate: 
    select
        cp1_0.id 
    from
        campaign_players cp1_0 
    where
        cp1_0.campaign_id=? 
        and cp1_0.character_id=? 
        and cp1_0.status in (?, ?) 
    fetch
        first ? rows only
Hibernate: 
    insert 
    into
        campaign_players
        (campaign_id, character_id, created_at, decision_by_id, message, player_id, status, updated_at) 
    values
        (?, ?, ?, ?, ?, ?, ?, ?)
Hibernate: 
    select
        u1_0.id,
        u1_0.email,
        u1_0.nickname,
        u1_0.password 
    from
        users u1_0 
    where
        u1_0.email=?
Hibernate: 
    select
        r1_0.user_id,
        r1_1.id,
        r1_1.name 
    from
        users_roles r1_0 
    join
        roles r1_1 
            on r1_1.id=r1_0.role_id 
    where
        r1_0.user_id=?
Hibernate: 
    select
        u1_0.id,
        u1_0.email,
        u1_0.nickname,
        u1_0.password 
    from
        users u1_0 
    where
        u1_0.email=?
Hibernate: 
    select
        r1_0.user_id,
        r1_1.id,
        r1_1.name 
    from
        users_roles r1_0 
    join
        roles r1_1 
            on r1_1.id=r1_0.role_id 
    where
        r1_0.user_id=?
Hibernate: 
    select
        c1_0.id,
        c1_0.description,
        c1_0.name,
        c1_0.owner_id,
        c1_0.status,
        c1_0.world_id 
    from
        campaigns c1_0 
    where
        c1_0.id=?
Hibernate: 
    select
        cp1_0.id,
        cp1_0.campaign_id,
        cp1_0.character_id,
        cp1_0.created_at,
        cp1_0.decision_by_id,
        cp1_0.message,
        cp1_0.player_id,
        cp1_0.status,
        cp1_0.updated_at 
    from
        campaign_players cp1_0 
    where
        cp1_0.campaign_id=? 
        and cp1_0.player_id=?
Hibernate: 
    select
        pc1_0.id,
        pc1_0.acrobatics_proficient,
        pc1_0.alignment,
        pc1_0.allies_and_organizations,
        pc1_0.animal_handling_proficient,
        pc1_0.appearance,
        pc1_0.arcana_proficient,
        pc1_0.armor_class,
        pc1_0.athletics_proficient,
        pc1_0.attacks_and_spellcasting,
        pc1_0.background,
        pc1_0.backstory,
        pc1_0.bonds,
        pc1_0.character_class,
        pc1_0.charisma,
        pc1_0.charisma_save_proficient,
        pc1_0.constitution,
        pc1_0.constitution_save_proficient,
        pc1_0.current_hit_points,
        pc1_0.death_save_failures,
        pc1_0.death_save_successes,
        pc1_0.deception_proficient,
        pc1_0.dexterity,
        pc1_0.dexterity_save_proficient,
        pc1_0.equipment,
        pc1_0.experience_points,
        pc1_0.features_and_traits,
        pc1_0.flaws,
        pc1_0.gm_notes,
        pc1_0.history_proficient,
        pc1_0.hit_dice,
        pc1_0.ideals,
        pc1_0.initiative_modifier,
        pc1_0.insight_proficient,
        pc1_0.inspiration,
        pc1_0.intelligence,
        pc1_0.intelligence_save_proficient,
        pc1_0.intimidation_proficient,
        pc1_0.investigation_proficient,
        pc1_0.is_visible_to_players,
        kl1_0.character_id,
        kl1_0.language,
        pc1_0.known_spells,
        pc1_0.level,
        pc1_0.max_hit_points,
        pc1_0.medicine_proficient,
        pc1_0.name,
        pc1_0.nature_proficient,
        pc1_0.other_notes,
        pc1_0.other_proficiencies,
        pc1_0.owner_id,
        pc1_0.passive_insight,
        pc1_0.passive_investigation,
        pc1_0.passive_perception,
        pc1_0.perception_proficient,
        pc1_0.performance_proficient,
        pc1_0.personality_traits,
        pc1_0.persuasion_proficient,
        pc1_0.prepared_spells,
        pc1_0.proficiencies_and_languages,
        pc1_0.proficiency_bonus,
        pc1_0.race,
        pc1_0.religion_proficient,
        pc1_0.sleight_of_hand_proficient,
        pc1_0.speed,
        pc1_0.spell_attack_bonus,
        pc1_0.spell_savedc,
        pc1_0.spell_slots,
        pc1_0.spellcasting_class,
        pc1_0.spells,
        pc1_0.stealth_proficient,
        pc1_0.strength,
        pc1_0.strength_save_proficient,
        pc1_0.subclass,
        pc1_0.survival_proficient,
        pc1_0.temporary_hit_points,
        pc1_0.treasure,
        pc1_0.wisdom,
        pc1_0.wisdom_save_proficient,
        pc1_0.world_id 
    from
        player_characters pc1_0 
    left join
        player_character_languages kl1_0 
            on pc1_0.id=kl1_0.character_id 
    where
        pc1_0.id=?
Hibernate: 
    select
        u1_0.id,
        u1_0.email,
        u1_0.nickname,
        u1_0.password 
    from
        users u1_0 
    where
        u1_0.email=?
Hibernate: 
    select
        r1_0.user_id,
        r1_1.id,
        r1_1.name 
    from
        users_roles r1_0 
    join
        roles r1_1 
            on r1_1.id=r1_0.role_id 
    where
        r1_0.user_id=?
Hibernate: 
    select
        u1_0.id,
        u1_0.email,
        u1_0.nickname,
        u1_0.password 
    from
        users u1_0 
    where
        u1_0.email=?
Hibernate: 
    select
        r1_0.user_id,
        r1_1.id,
        r1_1.name 
    from
        users_roles r1_0 
    join
        roles r1_1 
            on r1_1.id=r1_0.role_id 
    where
        r1_0.user_id=?
Hibernate: 
    select
        c1_0.id,
        c1_0.description,
        c1_0.name,
        c1_0.owner_id,
        c1_0.status,
        c1_0.world_id 
    from
        campaigns c1_0 
    where
        c1_0.id=?
Hibernate: 
    select
        cp1_0.id,
        cp1_0.campaign_id,
        cp1_0.character_id,
        cp1_0.created_at,
        cp1_0.decision_by_id,
        cp1_0.message,
        cp1_0.player_id,
        cp1_0.status,
        cp1_0.updated_at 
    from
        campaign_players cp1_0 
    where
        cp1_0.campaign_id=? 
        and cp1_0.player_id=?
Hibernate: 
    select
        u1_0.id,
        u1_0.email,
        u1_0.nickname,
        u1_0.password 
    from
        users u1_0 
    where
        u1_0.email=?
Hibernate: 
    select
        r1_0.user_id,
        r1_1.id,
        r1_1.name 
    from
        users_roles r1_0 
    join
        roles r1_1 
            on r1_1.id=r1_0.role_id 
    where
        r1_0.user_id=?
Hibernate: 
    select
        u1_0.id,
        u1_0.email,
        u1_0.nickname,
        u1_0.password 
    from
        users u1_0 
    where
        u1_0.email=?
Hibernate: 
    select
        r1_0.user_id,
        r1_1.id,
        r1_1.name 
    from
        users_roles r1_0 
    join
        roles r1_1 
            on r1_1.id=r1_0.role_id 
    where
        r1_0.user_id=?
Hibernate: 
    select
        c1_0.id,
        c1_0.description,
        c1_0.name,
        c1_0.owner_id,
        c1_0.status,
        c1_0.world_id 
    from
        campaigns c1_0 
    where
        c1_0.id=?
Hibernate: 
    select
        pc1_0.id,
        pc1_0.acrobatics_proficient,
        pc1_0.alignment,
        pc1_0.allies_and_organizations,
        pc1_0.animal_handling_proficient,
        pc1_0.appearance,
        pc1_0.arcana_proficient,
        pc1_0.armor_class,
        pc1_0.athletics_proficient,
        pc1_0.attacks_and_spellcasting,
        pc1_0.background,
        pc1_0.backstory,
        pc1_0.bonds,
        pc1_0.character_class,
        pc1_0.charisma,
        pc1_0.charisma_save_proficient,
        pc1_0.constitution,
        pc1_0.constitution_save_proficient,
        pc1_0.current_hit_points,
        pc1_0.death_save_failures,
        pc1_0.death_save_successes,
        pc1_0.deception_proficient,
        pc1_0.dexterity,
        pc1_0.dexterity_save_proficient,
        pc1_0.equipment,
        pc1_0.experience_points,
        pc1_0.features_and_traits,
        pc1_0.flaws,
        pc1_0.gm_notes,
        pc1_0.history_proficient,
        pc1_0.hit_dice,
        pc1_0.ideals,
        pc1_0.initiative_modifier,
        pc1_0.insight_proficient,
        pc1_0.inspiration,
        pc1_0.intelligence,
        pc1_0.intelligence_save_proficient,
        pc1_0.intimidation_proficient,
        pc1_0.investigation_proficient,
        pc1_0.is_visible_to_players,
        kl1_0.character_id,
        kl1_0.language,
        pc1_0.known_spells,
        pc1_0.level,
        pc1_0.max_hit_points,
        pc1_0.medicine_proficient,
        pc1_0.name,
        pc1_0.nature_proficient,
        pc1_0.other_notes,
        pc1_0.other_proficiencies,
        pc1_0.owner_id,
        pc1_0.passive_insight,
        pc1_0.passive_investigation,
        pc1_0.passive_perception,
        pc1_0.perception_proficient,
        pc1_0.performance_proficient,
        pc1_0.personality_traits,
        pc1_0.persuasion_proficient,
        pc1_0.prepared_spells,
        pc1_0.proficiencies_and_languages,
        pc1_0.proficiency_bonus,
        pc1_0.race,
        pc1_0.religion_proficient,
        pc1_0.sleight_of_hand_proficient,
        pc1_0.speed,
        pc1_0.spell_attack_bonus,
        pc1_0.spell_savedc,
        pc1_0.spell_slots,
        pc1_0.spellcasting_class,
        pc1_0.spells,
        pc1_0.stealth_proficient,
        pc1_0.strength,
        pc1_0.strength_save_proficient,
        pc1_0.subclass,
        pc1_0.survival_proficient,
        pc1_0.temporary_hit_points,
        pc1_0.treasure,
        pc1_0.wisdom,
        pc1_0.wisdom_save_proficient,
        pc1_0.world_id 
    from
        player_characters pc1_0 
    left join
        player_character_languages kl1_0 
            on pc1_0.id=kl1_0.character_id 
    where
        pc1_0.id=?
Hibernate: 
    select
        cp1_0.id 
    from
        campaign_players cp1_0 
    where
        cp1_0.campaign_id=? 
        and cp1_0.character_id=? 
        and cp1_0.status in (?, ?) 
    fetch
        first ? rows only
Hibernate: 
    select
        u1_0.id,
        u1_0.email,
        u1_0.nickname,
        u1_0.password 
    from
        users u1_0 
    where
        u1_0.email=?
Hibernate: 
    select
        r1_0.user_id,
        r1_1.id,
        r1_1.name 
    from
        users_roles r1_0 
    join
        roles r1_1 
            on r1_1.id=r1_0.role_id 
    where
        r1_0.user_id=?
Hibernate: 
    select
        u1_0.id,
        u1_0.email,
        u1_0.nickname,
        u1_0.password 
    from
        users u1_0 
    where
        u1_0.email=?
Hibernate: 
    select
        r1_0.user_id,
        r1_1.id,
        r1_1.name 
    from
        users_roles r1_0 
    join
        roles r1_1 
            on r1_1.id=r1_0.role_id 
    where
        r1_0.user_id=?
Hibernate: 
    select
        c1_0.id,
        c1_0.description,
        c1_0.name,
        c1_0.owner_id,
        c1_0.status,
        c1_0.world_id 
    from
        campaigns c1_0 
    where
        c1_0.id=?
Hibernate: 
    select
        cp1_0.id,
        cp1_0.campaign_id,
        cp1_0.character_id,
        cp1_0.created_at,
        cp1_0.decision_by_id,
        cp1_0.message,
        cp1_0.player_id,
        cp1_0.status,
        cp1_0.updated_at 
    from
        campaign_players cp1_0 
    where
        cp1_0.campaign_id=?
Hibernate: 
    select
        pc1_0.id,
        pc1_0.acrobatics_proficient,
        pc1_0.alignment,
        pc1_0.allies_and_organizations,
        pc1_0.animal_handling_proficient,
        pc1_0.appearance,
        pc1_0.arcana_proficient,
        pc1_0.armor_class,
        pc1_0.athletics_proficient,
        pc1_0.attacks_and_spellcasting,
        pc1_0.background,
        pc1_0.backstory,
        pc1_0.bonds,
        pc1_0.character_class,
        pc1_0.charisma,
        pc1_0.charisma_save_proficient,
        pc1_0.constitution,
        pc1_0.constitution_save_proficient,
        pc1_0.current_hit_points,
        pc1_0.death_save_failures,
        pc1_0.death_save_successes,
        pc1_0.deception_proficient,
        pc1_0.dexterity,
        pc1_0.dexterity_save_proficient,
        pc1_0.equipment,
        pc1_0.experience_points,
        pc1_0.features_and_traits,
        pc1_0.flaws,
        pc1_0.gm_notes,
        pc1_0.history_proficient,
        pc1_0.hit_dice,
        pc1_0.ideals,
        pc1_0.initiative_modifier,
        pc1_0.insight_proficient,
        pc1_0.inspiration,
        pc1_0.intelligence,
        pc1_0.intelligence_save_proficient,
        pc1_0.intimidation_proficient,
        pc1_0.investigation_proficient,
        pc1_0.is_visible_to_players,
        kl1_0.character_id,
        kl1_0.language,
        pc1_0.known_spells,
        pc1_0.level,
        pc1_0.max_hit_points,
        pc1_0.medicine_proficient,
        pc1_0.name,
        pc1_0.nature_proficient,
        pc1_0.other_notes,
        pc1_0.other_proficiencies,
        pc1_0.owner_id,
        pc1_0.passive_insight,
        pc1_0.passive_investigation,
        pc1_0.passive_perception,
        pc1_0.perception_proficient,
        pc1_0.performance_proficient,
        pc1_0.personality_traits,
        pc1_0.persuasion_proficient,
        pc1_0.prepared_spells,
        pc1_0.proficiencies_and_languages,
        pc1_0.proficiency_bonus,
        pc1_0.race,
        pc1_0.religion_proficient,
        pc1_0.sleight_of_hand_proficient,
        pc1_0.speed,
        pc1_0.spell_attack_bonus,
        pc1_0.spell_savedc,
        pc1_0.spell_slots,
        pc1_0.spellcasting_class,
        pc1_0.spells,
        pc1_0.stealth_proficient,
        pc1_0.strength,
        pc1_0.strength_save_proficient,
        pc1_0.subclass,
        pc1_0.survival_proficient,
        pc1_0.temporary_hit_points,
        pc1_0.treasure,
        pc1_0.wisdom,
        pc1_0.wisdom_save_proficient,
        pc1_0.world_id 
    from
        player_characters pc1_0 
    left join
        player_character_languages kl1_0 
            on pc1_0.id=kl1_0.character_id 
    where
        pc1_0.id=?
Hibernate: 
    select
        u1_0.id,
        u1_0.email,
        u1_0.nickname,
        u1_0.password,
        r1_0.user_id,
        r1_1.id,
        r1_1.name 
    from
        users u1_0 
    left join
        users_roles r1_0 
            on u1_0.id=r1_0.user_id 
    left join
        roles r1_1 
            on r1_1.id=r1_0.role_id 
    where
        u1_0.id=?
Hibernate: 
    select
        u1_0.id,
        u1_0.email,
        u1_0.nickname,
        u1_0.password 
    from
        users u1_0 
    where
        u1_0.email=?
Hibernate: 
    select
        r1_0.user_id,
        r1_1.id,
        r1_1.name 
    from
        users_roles r1_0 
    join
        roles r1_1 
            on r1_1.id=r1_0.role_id 
    where
        r1_0.user_id=?
Hibernate: 
    select
        u1_0.id,
        u1_0.email,
        u1_0.nickname,
        u1_0.password 
    from
        users u1_0 
    where
        u1_0.email=?
Hibernate: 
    select
        r1_0.user_id,
        r1_1.id,
        r1_1.name 
    from
        users_roles r1_0 
    join
        roles r1_1 
            on r1_1.id=r1_0.role_id 
    where
        r1_0.user_id=?
Hibernate: 
    select
        cp1_0.id,
        cp1_0.campaign_id,
        cp1_0.character_id,
        cp1_0.created_at,
        cp1_0.decision_by_id,
        cp1_0.message,
        cp1_0.player_id,
        cp1_0.status,
        cp1_0.updated_at 
    from
        campaign_players cp1_0 
    left join
        campaigns c1_0 
            on c1_0.id=cp1_0.campaign_id 
    left join
        users o1_0 
            on o1_0.id=c1_0.owner_id 
    where
        o1_0.id=? 
        and cp1_0.status=?
Hibernate: 
    select
        c1_0.id,
        c1_0.description,
        c1_0.name,
        c1_0.owner_id,
        c1_0.status,
        c1_0.world_id 
    from
        campaigns c1_0 
    where
        c1_0.id=?
Hibernate: 
    select
        pc1_0.id,
        pc1_0.acrobatics_proficient,
        pc1_0.alignment,
        pc1_0.allies_and_organizations,
        pc1_0.animal_handling_proficient,
        pc1_0.appearance,
        pc1_0.arcana_proficient,
        pc1_0.armor_class,
        pc1_0.athletics_proficient,
        pc1_0.attacks_and_spellcasting,
        pc1_0.background,
        pc1_0.backstory,
        pc1_0.bonds,
        pc1_0.character_class,
        pc1_0.charisma,
        pc1_0.charisma_save_proficient,
        pc1_0.constitution,
        pc1_0.constitution_save_proficient,
        pc1_0.current_hit_points,
        pc1_0.death_save_failures,
        pc1_0.death_save_successes,
        pc1_0.deception_proficient,
        pc1_0.dexterity,
        pc1_0.dexterity_save_proficient,
        pc1_0.equipment,
        pc1_0.experience_points,
        pc1_0.features_and_traits,
        pc1_0.flaws,
        pc1_0.gm_notes,
        pc1_0.history_proficient,
        pc1_0.hit_dice,
        pc1_0.ideals,
        pc1_0.initiative_modifier,
        pc1_0.insight_proficient,
        pc1_0.inspiration,
        pc1_0.intelligence,
        pc1_0.intelligence_save_proficient,
        pc1_0.intimidation_proficient,
        pc1_0.investigation_proficient,
        pc1_0.is_visible_to_players,
        kl1_0.character_id,
        kl1_0.language,
        pc1_0.known_spells,
        pc1_0.level,
        pc1_0.max_hit_points,
        pc1_0.medicine_proficient,
        pc1_0.name,
        pc1_0.nature_proficient,
        pc1_0.other_notes,
        pc1_0.other_proficiencies,
        pc1_0.owner_id,
        pc1_0.passive_insight,
        pc1_0.passive_investigation,
        pc1_0.passive_perception,
        pc1_0.perception_proficient,
        pc1_0.performance_proficient,
        pc1_0.personality_traits,
        pc1_0.persuasion_proficient,
        pc1_0.prepared_spells,
        pc1_0.proficiencies_and_languages,
        pc1_0.proficiency_bonus,
        pc1_0.race,
        pc1_0.religion_proficient,
        pc1_0.sleight_of_hand_proficient,
        pc1_0.speed,
        pc1_0.spell_attack_bonus,
        pc1_0.spell_savedc,
        pc1_0.spell_slots,
        pc1_0.spellcasting_class,
        pc1_0.spells,
        pc1_0.stealth_proficient,
        pc1_0.strength,
        pc1_0.strength_save_proficient,
        pc1_0.subclass,
        pc1_0.survival_proficient,
        pc1_0.temporary_hit_points,
        pc1_0.treasure,
        pc1_0.wisdom,
        pc1_0.wisdom_save_proficient,
        pc1_0.world_id 
    from
        player_characters pc1_0 
    left join
        player_character_languages kl1_0 
            on pc1_0.id=kl1_0.character_id 
    where
        pc1_0.id=?
Hibernate: 
    select
        u1_0.id,
        u1_0.email,
        u1_0.nickname,
        u1_0.password,
        r1_0.user_id,
        r1_1.id,
        r1_1.name 
    from
        users u1_0 
    left join
        users_roles r1_0 
            on u1_0.id=r1_0.user_id 
    left join
        roles r1_1 
            on r1_1.id=r1_0.role_id 
    where
        u1_0.id=?
Hibernate: 
    select
        u1_0.id,
        u1_0.email,
        u1_0.nickname,
        u1_0.password 
    from
        users u1_0 
    where
        u1_0.email=?
Hibernate: 
    select
        r1_0.user_id,
        r1_1.id,
        r1_1.name 
    from
        users_roles r1_0 
    join
        roles r1_1 
            on r1_1.id=r1_0.role_id 
    where
        r1_0.user_id=?
Hibernate: 
    select
        u1_0.id,
        u1_0.email,
        u1_0.nickname,
        u1_0.password 
    from
        users u1_0 
    where
        u1_0.email=?
Hibernate: 
    select
        r1_0.user_id,
        r1_1.id,
        r1_1.name 
    from
        users_roles r1_0 
    join
        roles r1_1 
            on r1_1.id=r1_0.role_id 
    where
        r1_0.user_id=?
Hibernate: 
    select
        c1_0.id,
        c1_0.description,
        c1_0.name,
        c1_0.owner_id,
        c1_0.status,
        c1_0.world_id 
    from
        campaigns c1_0 
    where
        c1_0.id=?
Hibernate: 
    select
        cp1_0.id,
        cp1_0.campaign_id,
        cp1_0.character_id,
        cp1_0.created_at,
        cp1_0.decision_by_id,
        cp1_0.message,
        cp1_0.player_id,
        cp1_0.status,
        cp1_0.updated_at 
    from
        campaign_players cp1_0 
    where
        cp1_0.id=? 
        and cp1_0.campaign_id=?
Hibernate: 
    update
        campaign_players 
    set
        campaign_id=?,
        character_id=?,
        decision_by_id=?,
        message=?,
        player_id=?,
        status=?,
        updated_at=? 
    where
        id=?
Hibernate: 
    select
        pc1_0.id,
        pc1_0.acrobatics_proficient,
        pc1_0.alignment,
        pc1_0.allies_and_organizations,
        pc1_0.animal_handling_proficient,
        pc1_0.appearance,
        pc1_0.arcana_proficient,
        pc1_0.armor_class,
        pc1_0.athletics_proficient,
        pc1_0.attacks_and_spellcasting,
        pc1_0.background,
        pc1_0.backstory,
        pc1_0.bonds,
        pc1_0.character_class,
        pc1_0.charisma,
        pc1_0.charisma_save_proficient,
        pc1_0.constitution,
        pc1_0.constitution_save_proficient,
        pc1_0.current_hit_points,
        pc1_0.death_save_failures,
        pc1_0.death_save_successes,
        pc1_0.deception_proficient,
        pc1_0.dexterity,
        pc1_0.dexterity_save_proficient,
        pc1_0.equipment,
        pc1_0.experience_points,
        pc1_0.features_and_traits,
        pc1_0.flaws,
        pc1_0.gm_notes,
        pc1_0.history_proficient,
        pc1_0.hit_dice,
        pc1_0.ideals,
        pc1_0.initiative_modifier,
        pc1_0.insight_proficient,
        pc1_0.inspiration,
        pc1_0.intelligence,
        pc1_0.intelligence_save_proficient,
        pc1_0.intimidation_proficient,
        pc1_0.investigation_proficient,
        pc1_0.is_visible_to_players,
        kl1_0.character_id,
        kl1_0.language,
        pc1_0.known_spells,
        pc1_0.level,
        pc1_0.max_hit_points,
        pc1_0.medicine_proficient,
        pc1_0.name,
        pc1_0.nature_proficient,
        pc1_0.other_notes,
        pc1_0.other_proficiencies,
        pc1_0.owner_id,
        pc1_0.passive_insight,
[...]
    where
        o1_0.id=? 
        and cp1_0.status=?
Hibernate: 
    select
        c1_0.id,
        c1_0.description,
        c1_0.name,
        c1_0.owner_id,
        c1_0.status,
        c1_0.world_id 
    from
        campaigns c1_0 
    where
        c1_0.id=?
Hibernate: 
    select
        pc1_0.id,
        pc1_0.acrobatics_proficient,
        pc1_0.alignment,
        pc1_0.allies_and_organizations,
        pc1_0.animal_handling_proficient,
        pc1_0.appearance,
        pc1_0.arcana_proficient,
        pc1_0.armor_class,
        pc1_0.athletics_proficient,
        pc1_0.attacks_and_spellcasting,
        pc1_0.background,
        pc1_0.backstory,
        pc1_0.bonds,
        pc1_0.character_class,
        pc1_0.charisma,
        pc1_0.charisma_save_proficient,
        pc1_0.constitution,
        pc1_0.constitution_save_proficient,
        pc1_0.current_hit_points,
        pc1_0.death_save_failures,
        pc1_0.death_save_successes,
        pc1_0.deception_proficient,
        pc1_0.dexterity,
        pc1_0.dexterity_save_proficient,
        pc1_0.equipment,
        pc1_0.experience_points,
        pc1_0.features_and_traits,
        pc1_0.flaws,
        pc1_0.gm_notes,
        pc1_0.history_proficient,
        pc1_0.hit_dice,
        pc1_0.ideals,
        pc1_0.initiative_modifier,
        pc1_0.insight_proficient,
        pc1_0.inspiration,
        pc1_0.intelligence,
        pc1_0.intelligence_save_proficient,
        pc1_0.intimidation_proficient,
        pc1_0.investigation_proficient,
        pc1_0.is_visible_to_players,
        kl1_0.character_id,
        kl1_0.language,
        pc1_0.known_spells,
        pc1_0.level,
        pc1_0.max_hit_points,
        pc1_0.medicine_proficient,
        pc1_0.name,
        pc1_0.nature_proficient,
        pc1_0.other_notes,
        pc1_0.other_proficiencies,
        pc1_0.owner_id,
        pc1_0.passive_insight,
        pc1_0.passive_investigation,
        pc1_0.passive_perception,
        pc1_0.perception_proficient,
        pc1_0.performance_proficient,
        pc1_0.personality_traits,
        pc1_0.persuasion_proficient,
        pc1_0.prepared_spells,
        pc1_0.proficiencies_and_languages,
        pc1_0.proficiency_bonus,
        pc1_0.race,
        pc1_0.religion_proficient,
        pc1_0.sleight_of_hand_proficient,
        pc1_0.speed,
        pc1_0.spell_attack_bonus,
        pc1_0.spell_savedc,
        pc1_0.spell_slots,
        pc1_0.spellcasting_class,
        pc1_0.spells,
        pc1_0.stealth_proficient,
        pc1_0.strength,
        pc1_0.strength_save_proficient,
        pc1_0.subclass,
        pc1_0.survival_proficient,
        pc1_0.temporary_hit_points,
        pc1_0.treasure,
        pc1_0.wisdom,
        pc1_0.wisdom_save_proficient,
        pc1_0.world_id 
    from
        player_characters pc1_0 
    left join
        player_character_languages kl1_0 
            on pc1_0.id=kl1_0.character_id 
    where
        pc1_0.id=?
Hibernate: 
    select
        u1_0.id,
        u1_0.email,
        u1_0.nickname,
        u1_0.password,
        r1_0.user_id,
        r1_1.id,
        r1_1.name 
    from
        users u1_0 
    left join
        users_roles r1_0 
            on u1_0.id=r1_0.user_id 
    left join
        roles r1_1 
            on r1_1.id=r1_0.role_id 
    where
        u1_0.id=?
]]></system-out>
  </testcase>
  <testcase name="joinRequestsMy_returnsDataForPlayersAndHandlesPermissions" classname="it.univ.ddmanager.campaign.CampaignPlayerIntegrationTest" time="1.039">
    <system-out><![CDATA[Hibernate: 
    select
        u1_0.id,
        u1_0.email,
        u1_0.nickname,
        u1_0.password 
    from
        users u1_0 
    where
        u1_0.email=?
Hibernate: 
    select
        r1_0.id,
        r1_0.name 
    from
        roles r1_0 
    where
        r1_0.name=?
Hibernate: 
    insert 
    into
        users
        (email, nickname, password) 
    values
        (?, ?, ?)
Hibernate: 
    insert 
    into
        users_roles
        (user_id, role_id) 
    values
        (?, ?)
Hibernate: 
    select
        u1_0.id,
        u1_0.email,
        u1_0.nickname,
        u1_0.password 
    from
        users u1_0 
    where
        u1_0.email=?
Hibernate: 
    select
        r1_0.user_id,
        r1_1.id,
        r1_1.name 
    from
        users_roles r1_0 
    join
        roles r1_1 
            on r1_1.id=r1_0.role_id 
    where
        r1_0.user_id=?
Hibernate: 
    select
        r1_0.id,
        r1_0.name 
    from
        roles r1_0 
    where
        r1_0.name=?
Hibernate: 
    select
        u1_0.id,
        u1_0.email,
        u1_0.nickname,
        u1_0.password,
        r1_0.user_id,
        r1_1.id,
        r1_1.name 
    from
        users u1_0 
    left join
        users_roles r1_0 
            on u1_0.id=r1_0.user_id 
    left join
        roles r1_1 
            on r1_1.id=r1_0.role_id 
    where
        u1_0.id=?
Hibernate: 
    select
        u1_0.id,
        u1_0.email,
        u1_0.nickname,
        u1_0.password 
    from
        users u1_0 
    where
        u1_0.email=?
Hibernate: 
    select
        r1_0.id,
        r1_0.name 
    from
        roles r1_0 
    where
        r1_0.name=?
Hibernate: 
    insert 
    into
        users
        (email, nickname, password) 
    values
        (?, ?, ?)
Hibernate: 
    insert 
    into
        users_roles
        (user_id, role_id) 
    values
        (?, ?)
Hibernate: 
    select
        u1_0.id,
        u1_0.email,
        u1_0.nickname,
        u1_0.password 
    from
        users u1_0 
    where
        u1_0.email=?
Hibernate: 
    select
        r1_0.user_id,
        r1_1.id,
        r1_1.name 
    from
        users_roles r1_0 
    join
        roles r1_1 
            on r1_1.id=r1_0.role_id 
    where
        r1_0.user_id=?
Hibernate: 
    select
        u1_0.id,
        u1_0.email,
        u1_0.nickname,
        u1_0.password 
    from
        users u1_0 
    where
        u1_0.email=?
Hibernate: 
    select
        r1_0.user_id,
        r1_1.id,
        r1_1.name 
    from
        users_roles r1_0 
    join
        roles r1_1 
            on r1_1.id=r1_0.role_id 
    where
        r1_0.user_id=?
Hibernate: 
    select
        cp1_0.id,
        cp1_0.campaign_id,
        cp1_0.character_id,
        cp1_0.created_at,
        cp1_0.decision_by_id,
        cp1_0.message,
        cp1_0.player_id,
        cp1_0.status,
        cp1_0.updated_at 
    from
        campaign_players cp1_0 
    where
        cp1_0.player_id=?
Hibernate: 
    select
        u1_0.id,
        u1_0.email,
        u1_0.nickname,
        u1_0.password 
    from
        users u1_0 
    where
        u1_0.email=?
Hibernate: 
    select
        r1_0.user_id,
        r1_1.id,
        r1_1.name 
    from
        users_roles r1_0 
    join
        roles r1_1 
            on r1_1.id=r1_0.role_id 
    where
        r1_0.user_id=?
Hibernate: 
    select
        u1_0.id,
        u1_0.email,
        u1_0.nickname,
        u1_0.password 
    from
        users u1_0 
    where
        u1_0.email=?
Hibernate: 
    select
        r1_0.user_id,
        r1_1.id,
        r1_1.name 
    from
        users_roles r1_0 
    join
        roles r1_1 
            on r1_1.id=r1_0.role_id 
    where
        r1_0.user_id=?
Hibernate: 
    insert 
    into
        worlds
        (description, is_public, name, owner_id) 
    values
        (?, ?, ?, ?)
Hibernate: 
    select
        count(c1_0.id) 
    from
        campaigns c1_0 
    left join
        worlds w1_0 
            on w1_0.id=c1_0.world_id 
    where
        w1_0.id=?
Hibernate: 
    select
        u1_0.id,
        u1_0.email,
        u1_0.nickname,
        u1_0.password 
    from
        users u1_0 
    where
        u1_0.email=?
Hibernate: 
    select
        r1_0.user_id,
        r1_1.id,
        r1_1.name 
    from
        users_roles r1_0 
    join
        roles r1_1 
            on r1_1.id=r1_0.role_id 
    where
        r1_0.user_id=?
Hibernate: 
    select
        w1_0.id,
        w1_0.description,
        w1_0.is_public,
        w1_0.name,
        w1_0.owner_id 
    from
        worlds w1_0 
    where
        w1_0.id=?
Hibernate: 
    select
        u1_0.id,
        u1_0.email,
        u1_0.nickname,
        u1_0.password 
    from
        users u1_0 
    where
        u1_0.email=?
Hibernate: 
    select
        r1_0.user_id,
        r1_1.id,
        r1_1.name 
    from
        users_roles r1_0 
    join
        roles r1_1 
            on r1_1.id=r1_0.role_id 
    where
        r1_0.user_id=?
Hibernate: 
    select
        c1_0.id 
    from
        campaigns c1_0 
    left join
        worlds w1_0 
            on w1_0.id=c1_0.world_id 
    where
        w1_0.id=? 
        and upper(c1_0.name)=upper(?) 
    fetch
        first ? rows only
Hibernate: 
    insert 
    into
        campaigns
        (description, name, owner_id, status, world_id) 
    values
        (?, ?, ?, ?, ?)
Hibernate: 
    select
        u1_0.id,
        u1_0.email,
        u1_0.nickname,
        u1_0.password 
    from
        users u1_0 
    where
        u1_0.email=?
Hibernate: 
    select
        r1_0.user_id,
        r1_1.id,
        r1_1.name 
    from
        users_roles r1_0 
    join
        roles r1_1 
            on r1_1.id=r1_0.role_id 
    where
        r1_0.user_id=?
Hibernate: 
    select
        u1_0.id,
        u1_0.email,
        u1_0.nickname,
        u1_0.password 
    from
        users u1_0 
    where
        u1_0.email=?
Hibernate: 
    select
        r1_0.user_id,
        r1_1.id,
        r1_1.name 
    from
        users_roles r1_0 
    join
        roles r1_1 
            on r1_1.id=r1_0.role_id 
    where
        r1_0.user_id=?
Hibernate: 
    insert 
    into
        player_characters
        (acrobatics_proficient, alignment, allies_and_organizations, animal_handling_proficient, appearance, arcana_proficient, armor_class, athletics_proficient, attacks_and_spellcasting, background, backstory, bonds, character_class, charisma, charisma_save_proficient, constitution, constitution_save_proficient, current_hit_points, death_save_failures, death_save_successes, deception_proficient, dexterity, dexterity_save_proficient, equipment, experience_points, features_and_traits, flaws, gm_notes, history_proficient, hit_dice, ideals, initiative_modifier, insight_proficient, inspiration, intelligence, intelligence_save_proficient, intimidation_proficient, investigation_proficient, is_visible_to_players, known_spells, level, max_hit_points, medicine_proficient, name, nature_proficient, other_notes, other_proficiencies, owner_id, passive_insight, passive_investigation, passive_perception, perception_proficient, performance_proficient, personality_traits, persuasion_proficient, prepared_spells, proficiencies_and_languages, proficiency_bonus, race, religion_proficient, sleight_of_hand_proficient, speed, spell_attack_bonus, spell_savedc, spell_slots, spellcasting_class, spells, stealth_proficient, strength, strength_save_proficient, subclass, survival_proficient, temporary_hit_points, treasure, wisdom, wisdom_save_proficient, world_id) 
    values
        (?, ?, ?, ?, ?, ?, ?, ?, ?, ?, ?, ?, ?, ?, ?, ?, ?, ?, ?, ?, ?, ?, ?, ?, ?, ?, ?, ?, ?, ?, ?, ?, ?, ?, ?, ?, ?, ?, ?, ?, ?, ?, ?, ?, ?, ?, ?, ?, ?, ?, ?, ?, ?, ?, ?, ?, ?, ?, ?, ?, ?, ?, ?, ?, ?, ?, ?, ?, ?, ?, ?, ?, ?, ?, ?, ?, ?)
Hibernate: 
    insert 
    into
        player_character_languages
        (character_id, language) 
    values
        (?, ?)
Hibernate: 
    select
        u1_0.id,
        u1_0.email,
        u1_0.nickname,
        u1_0.password 
    from
        users u1_0 
    where
        u1_0.email=?
Hibernate: 
    select
        r1_0.user_id,
        r1_1.id,
        r1_1.name 
    from
        users_roles r1_0 
    join
        roles r1_1 
            on r1_1.id=r1_0.role_id 
    where
        r1_0.user_id=?
Hibernate: 
    select
        u1_0.id,
        u1_0.email,
        u1_0.nickname,
        u1_0.password 
    from
        users u1_0 
    where
        u1_0.email=?
Hibernate: 
    select
        r1_0.user_id,
        r1_1.id,
        r1_1.name 
    from
        users_roles r1_0 
    join
        roles r1_1 
            on r1_1.id=r1_0.role_id 
    where
        r1_0.user_id=?
Hibernate: 
    select
        c1_0.id,
        c1_0.description,
        c1_0.name,
        c1_0.owner_id,
        c1_0.status,
        c1_0.world_id 
    from
        campaigns c1_0 
    where
        c1_0.id=?
Hibernate: 
    select
        pc1_0.id,
        pc1_0.acrobatics_proficient,
        pc1_0.alignment,
        pc1_0.allies_and_organizations,
        pc1_0.animal_handling_proficient,
        pc1_0.appearance,
        pc1_0.arcana_proficient,
        pc1_0.armor_class,
        pc1_0.athletics_proficient,
        pc1_0.attacks_and_spellcasting,
        pc1_0.background,
        pc1_0.backstory,
        pc1_0.bonds,
        pc1_0.character_class,
        pc1_0.charisma,
        pc1_0.charisma_save_proficient,
        pc1_0.constitution,
        pc1_0.constitution_save_proficient,
        pc1_0.current_hit_points,
        pc1_0.death_save_failures,
        pc1_0.death_save_successes,
        pc1_0.deception_proficient,
        pc1_0.dexterity,
        pc1_0.dexterity_save_proficient,
        pc1_0.equipment,
        pc1_0.experience_points,
        pc1_0.features_and_traits,
        pc1_0.flaws,
        pc1_0.gm_notes,
        pc1_0.history_proficient,
        pc1_0.hit_dice,
        pc1_0.ideals,
        pc1_0.initiative_modifier,
        pc1_0.insight_proficient,
        pc1_0.inspiration,
        pc1_0.intelligence,
        pc1_0.intelligence_save_proficient,
        pc1_0.intimidation_proficient,
        pc1_0.investigation_proficient,
        pc1_0.is_visible_to_players,
        kl1_0.character_id,
        kl1_0.language,
        pc1_0.known_spells,
        pc1_0.level,
        pc1_0.max_hit_points,
        pc1_0.medicine_proficient,
        pc1_0.name,
        pc1_0.nature_proficient,
        pc1_0.other_notes,
        pc1_0.other_proficiencies,
        pc1_0.owner_id,
        pc1_0.passive_insight,
        pc1_0.passive_investigation,
        pc1_0.passive_perception,
        pc1_0.perception_proficient,
        pc1_0.performance_proficient,
        pc1_0.personality_traits,
        pc1_0.persuasion_proficient,
        pc1_0.prepared_spells,
        pc1_0.proficiencies_and_languages,
        pc1_0.proficiency_bonus,
        pc1_0.race,
        pc1_0.religion_proficient,
        pc1_0.sleight_of_hand_proficient,
        pc1_0.speed,
        pc1_0.spell_attack_bonus,
        pc1_0.spell_savedc,
        pc1_0.spell_slots,
        pc1_0.spellcasting_class,
        pc1_0.spells,
        pc1_0.stealth_proficient,
        pc1_0.strength,
        pc1_0.strength_save_proficient,
        pc1_0.subclass,
        pc1_0.survival_proficient,
        pc1_0.temporary_hit_points,
        pc1_0.treasure,
        pc1_0.wisdom,
        pc1_0.wisdom_save_proficient,
        pc1_0.world_id 
    from
        player_characters pc1_0 
    left join
        player_character_languages kl1_0 
            on pc1_0.id=kl1_0.character_id 
    where
        pc1_0.id=?
Hibernate: 
    select
        cp1_0.id 
    from
        campaign_players cp1_0 
    where
        cp1_0.campaign_id=? 
        and cp1_0.character_id=? 
        and cp1_0.status in (?, ?) 
    fetch
        first ? rows only
Hibernate: 
    insert 
    into
        campaign_players
        (campaign_id, character_id, created_at, decision_by_id, message, player_id, status, updated_at) 
    values
        (?, ?, ?, ?, ?, ?, ?, ?)
Hibernate: 
    select
        u1_0.id,
        u1_0.email,
        u1_0.nickname,
        u1_0.password 
    from
        users u1_0 
    where
        u1_0.email=?
Hibernate: 
    select
        r1_0.user_id,
        r1_1.id,
        r1_1.name 
    from
        users_roles r1_0 
    join
        roles r1_1 
            on r1_1.id=r1_0.role_id 
    where
        r1_0.user_id=?
Hibernate: 
    select
        u1_0.id,
        u1_0.email,
        u1_0.nickname,
        u1_0.password 
    from
        users u1_0 
    where
        u1_0.email=?
Hibernate: 
    select
        r1_0.user_id,
        r1_1.id,
        r1_1.name 
    from
        users_roles r1_0 
    join
        roles r1_1 
            on r1_1.id=r1_0.role_id 
    where
        r1_0.user_id=?
Hibernate: 
    select
        cp1_0.id,
        cp1_0.campaign_id,
        cp1_0.character_id,
        cp1_0.created_at,
        cp1_0.decision_by_id,
        cp1_0.message,
        cp1_0.player_id,
        cp1_0.status,
        cp1_0.updated_at 
    from
        campaign_players cp1_0 
    where
        cp1_0.player_id=?
Hibernate: 
    select
        c1_0.id,
        c1_0.description,
        c1_0.name,
        c1_0.owner_id,
        c1_0.status,
        c1_0.world_id 
    from
        campaigns c1_0 
    where
        c1_0.id=?
Hibernate: 
    select
        pc1_0.id,
        pc1_0.acrobatics_proficient,
        pc1_0.alignment,
        pc1_0.allies_and_organizations,
        pc1_0.animal_handling_proficient,
        pc1_0.appearance,
        pc1_0.arcana_proficient,
        pc1_0.armor_class,
        pc1_0.athletics_proficient,
        pc1_0.attacks_and_spellcasting,
        pc1_0.background,
        pc1_0.backstory,
        pc1_0.bonds,
        pc1_0.character_class,
        pc1_0.charisma,
        pc1_0.charisma_save_proficient,
        pc1_0.constitution,
        pc1_0.constitution_save_proficient,
        pc1_0.current_hit_points,
        pc1_0.death_save_failures,
        pc1_0.death_save_successes,
        pc1_0.deception_proficient,
        pc1_0.dexterity,
        pc1_0.dexterity_save_proficient,
        pc1_0.equipment,
        pc1_0.experience_points,
        pc1_0.features_and_traits,
        pc1_0.flaws,
        pc1_0.gm_notes,
        pc1_0.history_proficient,
        pc1_0.hit_dice,
        pc1_0.ideals,
        pc1_0.initiative_modifier,
        pc1_0.insight_proficient,
        pc1_0.inspiration,
        pc1_0.intelligence,
        pc1_0.intelligence_save_proficient,
        pc1_0.intimidation_proficient,
        pc1_0.investigation_proficient,
        pc1_0.is_visible_to_players,
        kl1_0.character_id,
        kl1_0.language,
        pc1_0.known_spells,
        pc1_0.level,
        pc1_0.max_hit_points,
        pc1_0.medicine_proficient,
        pc1_0.name,
        pc1_0.nature_proficient,
        pc1_0.other_notes,
        pc1_0.other_proficiencies,
        pc1_0.owner_id,
        pc1_0.passive_insight,
        pc1_0.passive_investigation,
        pc1_0.passive_perception,
        pc1_0.perception_proficient,
        pc1_0.performance_proficient,
        pc1_0.personality_traits,
        pc1_0.persuasion_proficient,
        pc1_0.prepared_spells,
        pc1_0.proficiencies_and_languages,
        pc1_0.proficiency_bonus,
        pc1_0.race,
        pc1_0.religion_proficient,
        pc1_0.sleight_of_hand_proficient,
        pc1_0.speed,
        pc1_0.spell_attack_bonus,
        pc1_0.spell_savedc,
        pc1_0.spell_slots,
        pc1_0.spellcasting_class,
        pc1_0.spells,
        pc1_0.stealth_proficient,
        pc1_0.strength,
        pc1_0.strength_save_proficient,
        pc1_0.subclass,
        pc1_0.survival_proficient,
        pc1_0.temporary_hit_points,
        pc1_0.treasure,
        pc1_0.wisdom,
        pc1_0.wisdom_save_proficient,
        pc1_0.world_id 
    from
        player_characters pc1_0 
    left join
        player_character_languages kl1_0 
            on pc1_0.id=kl1_0.character_id 
    where
        pc1_0.id=?
Hibernate: 
    select
        u1_0.id,
        u1_0.email,
        u1_0.nickname,
        u1_0.password 
    from
        users u1_0 
    where
        u1_0.email=?
Hibernate: 
    select
        r1_0.user_id,
        r1_1.id,
        r1_1.name 
    from
        users_roles r1_0 
    join
        roles r1_1 
            on r1_1.id=r1_0.role_id 
    where
        r1_0.user_id=?
]]></system-out>
  </testcase>
</testsuite>